
*** Running vivado
    with args -log funcion_cuadratica.vds -m64 -product Vivado -mode batch -messageDb vivado.pb -notrace -source funcion_cuadratica.tcl


****** Vivado v2020.2 (64-bit)
  **** SW Build 3064766 on Wed Nov 18 09:12:47 MST 2020
  **** IP Build 3064653 on Wed Nov 18 14:17:31 MST 2020
    ** Copyright 1986-2020 Xilinx, Inc. All Rights Reserved.

source funcion_cuadratica.tcl -notrace
Command: synth_design -top funcion_cuadratica -part xc7a200tfbg676-2
Starting synth_design
Attempting to get a license for feature 'Synthesis' and/or device 'xc7a200t'
INFO: [Common 17-349] Got license for feature 'Synthesis' and/or device 'xc7a200t'
INFO: [Device 21-403] Loading part xc7a200tfbg676-2
INFO: [Synth 8-7079] Multithreading enabled for synth_design using a maximum of 4 processes.
INFO: [Synth 8-7078] Launching helper process for spawning children vivado processes
INFO: [Synth 8-7075] Helper process launched with PID 25095
---------------------------------------------------------------------------------
Starting RTL Elaboration : Time (s): cpu = 00:00:04 ; elapsed = 00:00:05 . Memory (MB): peak = 2286.215 ; gain = 0.000 ; free physical = 141 ; free virtual = 5954
---------------------------------------------------------------------------------
INFO: [Synth 8-638] synthesizing module 'funcion_cuadratica' [/home/matiaspc/Escritorio/universidad/tfg/trabajo final v1.0/trabajo final v1.0.srcs/sources_1/new/funcion_cuadratica.vhd:44]
INFO: [Synth 8-256] done synthesizing module 'funcion_cuadratica' (1#1) [/home/matiaspc/Escritorio/universidad/tfg/trabajo final v1.0/trabajo final v1.0.srcs/sources_1/new/funcion_cuadratica.vhd:44]
---------------------------------------------------------------------------------
Finished RTL Elaboration : Time (s): cpu = 00:00:06 ; elapsed = 00:00:06 . Memory (MB): peak = 2286.215 ; gain = 0.000 ; free physical = 946 ; free virtual = 6749
---------------------------------------------------------------------------------
---------------------------------------------------------------------------------
Start Handling Custom Attributes
---------------------------------------------------------------------------------
---------------------------------------------------------------------------------
Finished Handling Custom Attributes : Time (s): cpu = 00:00:06 ; elapsed = 00:00:07 . Memory (MB): peak = 2286.215 ; gain = 0.000 ; free physical = 942 ; free virtual = 6745
---------------------------------------------------------------------------------
---------------------------------------------------------------------------------
Finished RTL Optimization Phase 1 : Time (s): cpu = 00:00:06 ; elapsed = 00:00:07 . Memory (MB): peak = 2286.215 ; gain = 0.000 ; free physical = 942 ; free virtual = 6745
---------------------------------------------------------------------------------
Netlist sorting complete. Time (s): cpu = 00:00:00 ; elapsed = 00:00:00 . Memory (MB): peak = 2286.215 ; gain = 0.000 ; free physical = 935 ; free virtual = 6739
INFO: [Project 1-570] Preparing netlist for logic optimization

Processing XDC Constraints
Initializing timing engine
Parsing XDC File [/home/matiaspc/Escritorio/universidad/tfg/trabajo final v1.0/Nexys4DDR_Master.xdc]
Finished Parsing XDC File [/home/matiaspc/Escritorio/universidad/tfg/trabajo final v1.0/Nexys4DDR_Master.xdc]
Completed Processing XDC Constraints

Netlist sorting complete. Time (s): cpu = 00:00:00 ; elapsed = 00:00:00 . Memory (MB): peak = 2318.102 ; gain = 0.000 ; free physical = 857 ; free virtual = 6661
INFO: [Project 1-111] Unisim Transformation Summary:
No Unisim elements were transformed.

Constraint Validation Runtime : Time (s): cpu = 00:00:00.01 ; elapsed = 00:00:00.01 . Memory (MB): peak = 2318.102 ; gain = 0.000 ; free physical = 857 ; free virtual = 6661
---------------------------------------------------------------------------------
Finished Constraint Validation : Time (s): cpu = 00:00:13 ; elapsed = 00:00:14 . Memory (MB): peak = 2318.102 ; gain = 31.887 ; free physical = 915 ; free virtual = 6719
---------------------------------------------------------------------------------
---------------------------------------------------------------------------------
Start Loading Part and Timing Information
---------------------------------------------------------------------------------
Loading part: xc7a200tfbg676-2
---------------------------------------------------------------------------------
Finished Loading Part and Timing Information : Time (s): cpu = 00:00:13 ; elapsed = 00:00:14 . Memory (MB): peak = 2318.102 ; gain = 31.887 ; free physical = 914 ; free virtual = 6718
---------------------------------------------------------------------------------
---------------------------------------------------------------------------------
Start Applying 'set_property' XDC Constraints
---------------------------------------------------------------------------------
---------------------------------------------------------------------------------
Finished applying 'set_property' XDC Constraints : Time (s): cpu = 00:00:13 ; elapsed = 00:00:14 . Memory (MB): peak = 2318.102 ; gain = 31.887 ; free physical = 915 ; free virtual = 6719
---------------------------------------------------------------------------------
---------------------------------------------------------------------------------
Finished RTL Optimization Phase 2 : Time (s): cpu = 00:00:13 ; elapsed = 00:00:15 . Memory (MB): peak = 2318.102 ; gain = 31.887 ; free physical = 908 ; free virtual = 6712
---------------------------------------------------------------------------------
---------------------------------------------------------------------------------
Start RTL Component Statistics 
---------------------------------------------------------------------------------
Detailed RTL Component Info : 
+---Adders : 
	   2 Input    2 Bit       Adders := 1     
+---Registers : 
	               27 Bit    Registers := 1     
	                2 Bit    Registers := 1     
+---Muxes : 
	   4 Input   15 Bit        Muxes := 1     
	   2 Input   12 Bit        Muxes := 2     
---------------------------------------------------------------------------------
Finished RTL Component Statistics 
---------------------------------------------------------------------------------
---------------------------------------------------------------------------------
Start Part Resource Summary
---------------------------------------------------------------------------------
Part Resources:
DSPs: 740 (col length:100)
BRAMs: 730 (col length: RAMB18 100 RAMB36 50)
---------------------------------------------------------------------------------
Finished Part Resource Summary
---------------------------------------------------------------------------------
---------------------------------------------------------------------------------
Start Cross Boundary and Area Optimization
---------------------------------------------------------------------------------
DSP Report: Generating DSP r1_next, operation Mode is: A*B.
DSP Report: operator r1_next is absorbed into DSP r1_next.
---------------------------------------------------------------------------------
Finished Cross Boundary and Area Optimization : Time (s): cpu = 00:00:14 ; elapsed = 00:00:16 . Memory (MB): peak = 2318.102 ; gain = 31.887 ; free physical = 895 ; free virtual = 6703
---------------------------------------------------------------------------------
---------------------------------------------------------------------------------
Start ROM, RAM, DSP, Shift Register and Retiming Reporting
---------------------------------------------------------------------------------

DSP: Preliminary Mapping	Report (see note below)
+-------------------+-------------+--------+--------+--------+--------+--------+------+------+------+------+-------+------+------+
|Module Name        | DSP Mapping | A Size | B Size | C Size | D Size | P Size | AREG | BREG | CREG | DREG | ADREG | MREG | PREG | 
+-------------------+-------------+--------+--------+--------+--------+--------+------+------+------+------+-------+------+------+
|funcion_cuadratica | A*B         | 15     | 12     | -      | -      | 27     | 0    | 0    | -    | -    | -     | 0    | 0    | 
+-------------------+-------------+--------+--------+--------+--------+--------+------+------+------+------+-------+------+------+

Note: The table above is a preliminary report that shows the DSPs inferred at the current stage of the synthesis flow. Some DSP may be reimplemented as non DSP primitives later in the synthesis flow. Multiple instantiated DSPs are reported only once.
---------------------------------------------------------------------------------
Finished ROM, RAM, DSP, Shift Register and Retiming Reporting
---------------------------------------------------------------------------------
---------------------------------------------------------------------------------
Start Applying XDC Timing Constraints
---------------------------------------------------------------------------------
---------------------------------------------------------------------------------
Finished Applying XDC Timing Constraints : Time (s): cpu = 00:00:22 ; elapsed = 00:00:24 . Memory (MB): peak = 2318.102 ; gain = 31.887 ; free physical = 746 ; free virtual = 6553
---------------------------------------------------------------------------------
---------------------------------------------------------------------------------
Start Timing Optimization
---------------------------------------------------------------------------------
---------------------------------------------------------------------------------
Finished Timing Optimization : Time (s): cpu = 00:00:22 ; elapsed = 00:00:24 . Memory (MB): peak = 2318.102 ; gain = 31.887 ; free physical = 746 ; free virtual = 6553
---------------------------------------------------------------------------------
---------------------------------------------------------------------------------
Start Technology Mapping
---------------------------------------------------------------------------------
---------------------------------------------------------------------------------
Finished Technology Mapping : Time (s): cpu = 00:00:22 ; elapsed = 00:00:24 . Memory (MB): peak = 2318.102 ; gain = 31.887 ; free physical = 740 ; free virtual = 6548
---------------------------------------------------------------------------------
---------------------------------------------------------------------------------
Start IO Insertion
---------------------------------------------------------------------------------
---------------------------------------------------------------------------------
Start Flattening Before IO Insertion
---------------------------------------------------------------------------------
---------------------------------------------------------------------------------
Finished Flattening Before IO Insertion
---------------------------------------------------------------------------------
---------------------------------------------------------------------------------
Start Final Netlist Cleanup
---------------------------------------------------------------------------------
---------------------------------------------------------------------------------
Finished Final Netlist Cleanup
---------------------------------------------------------------------------------
---------------------------------------------------------------------------------
Finished IO Insertion : Time (s): cpu = 00:00:25 ; elapsed = 00:00:27 . Memory (MB): peak = 2318.102 ; gain = 31.887 ; free physical = 740 ; free virtual = 6548
---------------------------------------------------------------------------------
---------------------------------------------------------------------------------
Start Renaming Generated Instances
---------------------------------------------------------------------------------
---------------------------------------------------------------------------------
Finished Renaming Generated Instances : Time (s): cpu = 00:00:25 ; elapsed = 00:00:27 . Memory (MB): peak = 2318.102 ; gain = 31.887 ; free physical = 740 ; free virtual = 6548
---------------------------------------------------------------------------------
---------------------------------------------------------------------------------
Start Rebuilding User Hierarchy
---------------------------------------------------------------------------------
---------------------------------------------------------------------------------
Finished Rebuilding User Hierarchy : Time (s): cpu = 00:00:25 ; elapsed = 00:00:27 . Memory (MB): peak = 2318.102 ; gain = 31.887 ; free physical = 740 ; free virtual = 6548
---------------------------------------------------------------------------------
---------------------------------------------------------------------------------
Start Renaming Generated Ports
---------------------------------------------------------------------------------
---------------------------------------------------------------------------------
Finished Renaming Generated Ports : Time (s): cpu = 00:00:25 ; elapsed = 00:00:27 . Memory (MB): peak = 2318.102 ; gain = 31.887 ; free physical = 740 ; free virtual = 6548
---------------------------------------------------------------------------------
---------------------------------------------------------------------------------
Start Handling Custom Attributes
---------------------------------------------------------------------------------
---------------------------------------------------------------------------------
Finished Handling Custom Attributes : Time (s): cpu = 00:00:25 ; elapsed = 00:00:27 . Memory (MB): peak = 2318.102 ; gain = 31.887 ; free physical = 740 ; free virtual = 6548
---------------------------------------------------------------------------------
---------------------------------------------------------------------------------
Start Renaming Generated Nets
---------------------------------------------------------------------------------
---------------------------------------------------------------------------------
Finished Renaming Generated Nets : Time (s): cpu = 00:00:25 ; elapsed = 00:00:27 . Memory (MB): peak = 2318.102 ; gain = 31.887 ; free physical = 740 ; free virtual = 6548
---------------------------------------------------------------------------------
---------------------------------------------------------------------------------
Start Writing Synthesis Report
---------------------------------------------------------------------------------

Report BlackBoxes: 
+-+--------------+----------+
| |BlackBox name |Instances |
+-+--------------+----------+
+-+--------------+----------+

Report Cell Usage: 
+------+--------+------+
|      |Cell    |Count |
+------+--------+------+
|1     |BUFG    |     1|
|2     |CARRY4  |     7|
|3     |DSP48E1 |     1|
|4     |LUT1    |     2|
|5     |LUT2    |    34|
|6     |LUT3    |    13|
|7     |LUT5    |    16|
|8     |LUT6    |    10|
|9     |FDCE    |    15|
|10    |IBUF    |    50|
|11    |OBUF    |    12|
+------+--------+------+
---------------------------------------------------------------------------------
Finished Writing Synthesis Report : Time (s): cpu = 00:00:25 ; elapsed = 00:00:27 . Memory (MB): peak = 2318.102 ; gain = 31.887 ; free physical = 740 ; free virtual = 6548
---------------------------------------------------------------------------------
Synthesis finished with 0 errors, 0 critical warnings and 0 warnings.
Synthesis Optimization Runtime : Time (s): cpu = 00:00:23 ; elapsed = 00:00:24 . Memory (MB): peak = 2318.102 ; gain = 0.000 ; free physical = 804 ; free virtual = 6612
Synthesis Optimization Complete : Time (s): cpu = 00:00:25 ; elapsed = 00:00:27 . Memory (MB): peak = 2318.109 ; gain = 31.887 ; free physical = 804 ; free virtual = 6612
INFO: [Project 1-571] Translating synthesized netlist
Netlist sorting complete. Time (s): cpu = 00:00:00 ; elapsed = 00:00:00 . Memory (MB): peak = 2318.109 ; gain = 0.000 ; free physical = 889 ; free virtual = 6697
INFO: [Netlist 29-17] Analyzing 8 Unisim elements for replacement
INFO: [Netlist 29-28] Unisim Transformation completed in 0 CPU seconds
INFO: [Project 1-570] Preparing netlist for logic optimization
INFO: [Opt 31-138] Pushed 0 inverter(s) to 0 load pin(s).
Netlist sorting complete. Time (s): cpu = 00:00:00 ; elapsed = 00:00:00 . Memory (MB): peak = 2318.109 ; gain = 0.000 ; free physical = 833 ; free virtual = 6640
INFO: [Project 1-111] Unisim Transformation Summary:
No Unisim elements were transformed.

INFO: [Common 17-83] Releasing license: Synthesis
16 Infos, 0 Warnings, 0 Critical Warnings and 0 Errors encountered.
synth_design completed successfully
synth_design: Time (s): cpu = 00:00:36 ; elapsed = 00:00:33 . Memory (MB): peak = 2318.109 ; gain = 32.023 ; free physical = 985 ; free virtual = 6792
INFO: [Common 17-1381] The checkpoint '/home/matiaspc/Escritorio/universidad/tfg/trabajo final v1.0/trabajo final v1.0.runs/synth_1/funcion_cuadratica.dcp' has been generated.
INFO: [runtcl-4] Executing : report_utilization -file funcion_cuadratica_utilization_synth.rpt -pb funcion_cuadratica_utilization_synth.pb
INFO: [Common 17-206] Exiting Vivado at Tue Dec 29 13:53:40 2020...
