
*** Running vivado
    with args -log mult_config_2.vdi -applog -m64 -product Vivado -messageDb vivado.pb -mode batch -source mult_config_2.tcl -notrace


****** Vivado v2020.2 (64-bit)
  **** SW Build 3064766 on Wed Nov 18 09:12:47 MST 2020
  **** IP Build 3064653 on Wed Nov 18 14:17:31 MST 2020
    ** Copyright 1986-2020 Xilinx, Inc. All Rights Reserved.

source mult_config_2.tcl -notrace
Command: open_checkpoint /home/matiaspc/Escritorio/universidad/tfg/trabajo/trabajo_final/trabajo_final.runs/impl_1/mult_config_2.dcp

Starting open_checkpoint Task

Time (s): cpu = 00:00:00.14 ; elapsed = 00:00:00.09 . Memory (MB): peak = 2292.934 ; gain = 0.000 ; free physical = 1822 ; free virtual = 6063
INFO: [Device 21-403] Loading part xc7a100tcsg324-1
Netlist sorting complete. Time (s): cpu = 00:00:00 ; elapsed = 00:00:00 . Memory (MB): peak = 2293.086 ; gain = 0.000 ; free physical = 1572 ; free virtual = 5814
INFO: [Project 1-479] Netlist was created with Vivado 2020.2
INFO: [Project 1-570] Preparing netlist for logic optimization
INFO: [Timing 38-478] Restoring timing data from binary archive.
INFO: [Timing 38-479] Binary timing data restore complete.
INFO: [Project 1-856] Restoring constraints from binary archive.
INFO: [Project 1-853] Binary constraint restore complete.
Reading XDEF placement.
Reading placer database...
Reading XDEF routing.
Read XDEF File: Time (s): cpu = 00:00:00.08 ; elapsed = 00:00:00.13 . Memory (MB): peak = 2314.926 ; gain = 2.969 ; free physical = 1080 ; free virtual = 5335
Restored from archive | CPU: 0.130000 secs | Memory: 1.141144 MB |
Finished XDEF File Restore: Time (s): cpu = 00:00:00.08 ; elapsed = 00:00:00.13 . Memory (MB): peak = 2314.926 ; gain = 2.969 ; free physical = 1080 ; free virtual = 5335
Netlist sorting complete. Time (s): cpu = 00:00:00 ; elapsed = 00:00:00 . Memory (MB): peak = 2314.926 ; gain = 0.000 ; free physical = 1080 ; free virtual = 5335
INFO: [Project 1-111] Unisim Transformation Summary:
No Unisim elements were transformed.

INFO: [Project 1-604] Checkpoint was created with Vivado v2020.2 (64-bit) build 3064766
open_checkpoint: Time (s): cpu = 00:00:14 ; elapsed = 00:00:15 . Memory (MB): peak = 2314.926 ; gain = 27.930 ; free physical = 1080 ; free virtual = 5335
Command: opt_design
Attempting to get a license for feature 'Implementation' and/or device 'xc7a100t'
INFO: [Common 17-349] Got license for feature 'Implementation' and/or device 'xc7a100t'
Running DRC as a precondition to command opt_design

Starting DRC Task
INFO: [DRC 23-27] Running DRC with 4 threads
INFO: [Project 1-461] DRC finished with 0 Errors
INFO: [Project 1-462] Please refer to the DRC report (report_drc) for more information.

Time (s): cpu = 00:00:02 ; elapsed = 00:00:01 . Memory (MB): peak = 2407.410 ; gain = 89.516 ; free physical = 1070 ; free virtual = 5325

Starting Cache Timing Information Task
INFO: [Timing 38-35] Done setting XDC timing constraints.
Ending Cache Timing Information Task | Checksum: 18fe1577b

Time (s): cpu = 00:00:00.04 ; elapsed = 00:00:00.03 . Memory (MB): peak = 2463.223 ; gain = 55.812 ; free physical = 1070 ; free virtual = 5325

Starting Logic Optimization Task

Phase 1 Retarget
INFO: [Opt 31-138] Pushed 0 inverter(s) to 0 load pin(s).
INFO: [Opt 31-49] Retargeted 0 cell(s).
Phase 1 Retarget | Checksum: ff0cebd6

Time (s): cpu = 00:00:00.07 ; elapsed = 00:00:00.08 . Memory (MB): peak = 2617.223 ; gain = 0.000 ; free physical = 887 ; free virtual = 5147
INFO: [Opt 31-389] Phase Retarget created 0 cells and removed 8 cells

Phase 2 Constant propagation
INFO: [Opt 31-138] Pushed 0 inverter(s) to 0 load pin(s).
Phase 2 Constant propagation | Checksum: ff0cebd6

Time (s): cpu = 00:00:00.07 ; elapsed = 00:00:00.09 . Memory (MB): peak = 2617.223 ; gain = 0.000 ; free physical = 887 ; free virtual = 5147
INFO: [Opt 31-389] Phase Constant propagation created 0 cells and removed 0 cells

Phase 3 Sweep
Phase 3 Sweep | Checksum: ff0cebd6

Time (s): cpu = 00:00:00.07 ; elapsed = 00:00:00.09 . Memory (MB): peak = 2617.223 ; gain = 0.000 ; free physical = 886 ; free virtual = 5146
INFO: [Opt 31-389] Phase Sweep created 0 cells and removed 0 cells

Phase 4 BUFG optimization
Phase 4 BUFG optimization | Checksum: ff0cebd6

Time (s): cpu = 00:00:00.08 ; elapsed = 00:00:00.10 . Memory (MB): peak = 2617.223 ; gain = 0.000 ; free physical = 885 ; free virtual = 5146
INFO: [Opt 31-662] Phase BUFG optimization created 0 cells of which 0 are BUFGs and removed 0 cells.

Phase 5 Shift Register Optimization
INFO: [Opt 31-1064] SRL Remap converted 0 SRLs to 0 registers and converted 0 registers of register chains to 0 SRLs
Phase 5 Shift Register Optimization | Checksum: ff0cebd6

Time (s): cpu = 00:00:00.08 ; elapsed = 00:00:00.10 . Memory (MB): peak = 2617.223 ; gain = 0.000 ; free physical = 885 ; free virtual = 5146
INFO: [Opt 31-389] Phase Shift Register Optimization created 0 cells and removed 0 cells

Phase 6 Post Processing Netlist
Phase 6 Post Processing Netlist | Checksum: ff0cebd6

Time (s): cpu = 00:00:00.08 ; elapsed = 00:00:00.10 . Memory (MB): peak = 2617.223 ; gain = 0.000 ; free physical = 885 ; free virtual = 5146
INFO: [Opt 31-389] Phase Post Processing Netlist created 0 cells and removed 0 cells
Opt_design Change Summary
=========================


-------------------------------------------------------------------------------------------------------------------------
|  Phase                        |  #Cells created  |  #Cells Removed  |  #Constrained objects preventing optimizations  |
-------------------------------------------------------------------------------------------------------------------------
|  Retarget                     |               0  |               8  |                                              0  |
|  Constant propagation         |               0  |               0  |                                              0  |
|  Sweep                        |               0  |               0  |                                              0  |
|  BUFG optimization            |               0  |               0  |                                              0  |
|  Shift Register Optimization  |               0  |               0  |                                              0  |
|  Post Processing Netlist      |               0  |               0  |                                              0  |
-------------------------------------------------------------------------------------------------------------------------



Starting Connectivity Check Task

Time (s): cpu = 00:00:00 ; elapsed = 00:00:00 . Memory (MB): peak = 2617.223 ; gain = 0.000 ; free physical = 885 ; free virtual = 5146
Ending Logic Optimization Task | Checksum: ff0cebd6

Time (s): cpu = 00:00:00.09 ; elapsed = 00:00:00.11 . Memory (MB): peak = 2617.223 ; gain = 0.000 ; free physical = 885 ; free virtual = 5146

Starting Power Optimization Task
INFO: [Pwropt 34-132] Skipping clock gating for clocks with a period < 2.00 ns.
Ending Power Optimization Task | Checksum: ff0cebd6

Time (s): cpu = 00:00:00.01 ; elapsed = 00:00:00.01 . Memory (MB): peak = 2617.223 ; gain = 0.000 ; free physical = 882 ; free virtual = 5145

Starting Final Cleanup Task
Ending Final Cleanup Task | Checksum: ff0cebd6

Time (s): cpu = 00:00:00 ; elapsed = 00:00:00 . Memory (MB): peak = 2617.223 ; gain = 0.000 ; free physical = 882 ; free virtual = 5145

Starting Netlist Obfuscation Task
Netlist sorting complete. Time (s): cpu = 00:00:00 ; elapsed = 00:00:00 . Memory (MB): peak = 2617.223 ; gain = 0.000 ; free physical = 882 ; free virtual = 5145
Ending Netlist Obfuscation Task | Checksum: ff0cebd6

Time (s): cpu = 00:00:00 ; elapsed = 00:00:00 . Memory (MB): peak = 2617.223 ; gain = 0.000 ; free physical = 882 ; free virtual = 5145
INFO: [Common 17-83] Releasing license: Implementation
26 Infos, 0 Warnings, 0 Critical Warnings and 0 Errors encountered.
opt_design completed successfully
INFO: [Timing 38-480] Writing timing data to binary archive.
Writing placer database...
Writing XDEF routing.
Writing XDEF routing logical nets.
Writing XDEF routing special nets.
Write XDEF Complete: Time (s): cpu = 00:00:00.04 ; elapsed = 00:00:00.02 . Memory (MB): peak = 2657.242 ; gain = 0.000 ; free physical = 878 ; free virtual = 5142
INFO: [Common 17-1381] The checkpoint '/home/matiaspc/Escritorio/universidad/tfg/trabajo/trabajo_final/trabajo_final.runs/impl_1/mult_config_2_opt.dcp' has been generated.
INFO: [runtcl-4] Executing : report_drc -file mult_config_2_drc_opted.rpt -pb mult_config_2_drc_opted.pb -rpx mult_config_2_drc_opted.rpx
Command: report_drc -file mult_config_2_drc_opted.rpt -pb mult_config_2_drc_opted.pb -rpx mult_config_2_drc_opted.rpx
INFO: [IP_Flow 19-234] Refreshing IP repositories
INFO: [IP_Flow 19-1704] No user IP repositories specified
INFO: [IP_Flow 19-2313] Loaded Vivado IP repository '/home/matiaspc/Xilinx/Vivado/2020.2/data/ip'.
INFO: [Timing 38-35] Done setting XDC timing constraints.
INFO: [DRC 23-27] Running DRC with 4 threads
INFO: [Coretcl 2-168] The results of DRC are in file /home/matiaspc/Escritorio/universidad/tfg/trabajo/trabajo_final/trabajo_final.runs/impl_1/mult_config_2_drc_opted.rpt.
report_drc completed successfully
Command: place_design
Attempting to get a license for feature 'Implementation' and/or device 'xc7a100t'
INFO: [Common 17-349] Got license for feature 'Implementation' and/or device 'xc7a100t'
INFO: [DRC 23-27] Running DRC with 4 threads
INFO: [Vivado_Tcl 4-198] DRC finished with 0 Errors
INFO: [Vivado_Tcl 4-199] Please refer to the DRC report (report_drc) for more information.
Running DRC as a precondition to command place_design
INFO: [DRC 23-27] Running DRC with 4 threads
INFO: [Vivado_Tcl 4-198] DRC finished with 0 Errors
INFO: [Vivado_Tcl 4-199] Please refer to the DRC report (report_drc) for more information.

Starting Placer Task
INFO: [Place 30-611] Multithreading enabled for place_design using a maximum of 4 CPUs

Phase 1 Placer Initialization

Phase 1.1 Placer Initialization Netlist Sorting
Netlist sorting complete. Time (s): cpu = 00:00:00.01 ; elapsed = 00:00:00 . Memory (MB): peak = 2725.680 ; gain = 0.000 ; free physical = 527 ; free virtual = 5000
Phase 1.1 Placer Initialization Netlist Sorting | Checksum: bccd03c2

Time (s): cpu = 00:00:00.01 ; elapsed = 00:00:00.04 . Memory (MB): peak = 2725.680 ; gain = 0.000 ; free physical = 527 ; free virtual = 5000
Netlist sorting complete. Time (s): cpu = 00:00:00 ; elapsed = 00:00:00 . Memory (MB): peak = 2725.680 ; gain = 0.000 ; free physical = 527 ; free virtual = 5000

Phase 1.2 IO Placement/ Clock Placement/ Build Placer Device
Phase 1.2 IO Placement/ Clock Placement/ Build Placer Device | Checksum: 17fba0334

Time (s): cpu = 00:00:01 ; elapsed = 00:00:00.63 . Memory (MB): peak = 2725.680 ; gain = 0.000 ; free physical = 546 ; free virtual = 5018

Phase 1.3 Build Placer Netlist Model
Phase 1.3 Build Placer Netlist Model | Checksum: 25b3bd013

Time (s): cpu = 00:00:01 ; elapsed = 00:00:00.75 . Memory (MB): peak = 2744.656 ; gain = 18.977 ; free physical = 541 ; free virtual = 5013

Phase 1.4 Constrain Clocks/Macros
Phase 1.4 Constrain Clocks/Macros | Checksum: 25b3bd013

Time (s): cpu = 00:00:01 ; elapsed = 00:00:00.76 . Memory (MB): peak = 2744.656 ; gain = 18.977 ; free physical = 535 ; free virtual = 5008
Phase 1 Placer Initialization | Checksum: 25b3bd013

Time (s): cpu = 00:00:01 ; elapsed = 00:00:00.76 . Memory (MB): peak = 2744.656 ; gain = 18.977 ; free physical = 531 ; free virtual = 5003

Phase 2 Global Placement

Phase 2.1 Floorplanning
Phase 2.1 Floorplanning | Checksum: 21757d163

Time (s): cpu = 00:00:02 ; elapsed = 00:00:00.90 . Memory (MB): peak = 2744.656 ; gain = 18.977 ; free physical = 562 ; free virtual = 5034

Phase 2.2 Update Timing before SLR Path Opt
Phase 2.2 Update Timing before SLR Path Opt | Checksum: 207612f76

Time (s): cpu = 00:00:02 ; elapsed = 00:00:00.95 . Memory (MB): peak = 2744.656 ; gain = 18.977 ; free physical = 624 ; free virtual = 5097

Phase 2.3 Global Placement Core

Phase 2.3.1 Physical Synthesis In Placer
INFO: [Physopt 32-1035] Found 2 LUTNM shape to break, 0 LUT instances to create LUTNM shape
INFO: [Physopt 32-1044] Break lutnm for timing: one critical 0, two critical 2, total 2, new lutff created 0
INFO: [Physopt 32-775] End 1 Pass. Optimized 2 nets or cells. Created 2 new cells, deleted 0 existing cell and moved 0 existing cell
INFO: [Physopt 32-65] No nets found for high-fanout optimization.
INFO: [Physopt 32-232] Optimized 0 net. Created 0 new instance.
INFO: [Physopt 32-775] End 1 Pass. Optimized 0 net or cell. Created 0 new cell, deleted 0 existing cell and moved 0 existing cell
INFO: [Physopt 32-456] No candidate cells for DSP register optimization found in the design.
INFO: [Physopt 32-775] End 2 Pass. Optimized 0 net or cell. Created 0 new cell, deleted 0 existing cell and moved 0 existing cell
INFO: [Physopt 32-1123] No candidate cells found for Shift Register to Pipeline optimization
INFO: [Physopt 32-775] End 1 Pass. Optimized 0 net or cell. Created 0 new cell, deleted 0 existing cell and moved 0 existing cell
INFO: [Physopt 32-677] No candidate cells for Shift Register optimization found in the design
INFO: [Physopt 32-775] End 1 Pass. Optimized 0 net or cell. Created 0 new cell, deleted 0 existing cell and moved 0 existing cell
INFO: [Physopt 32-526] No candidate cells for BRAM register optimization found in the design
INFO: [Physopt 32-775] End 1 Pass. Optimized 0 net or cell. Created 0 new cell, deleted 0 existing cell and moved 0 existing cell
INFO: [Physopt 32-846] No candidate cells for URAM register optimization found in the design
INFO: [Physopt 32-775] End 2 Pass. Optimized 0 net or cell. Created 0 new cell, deleted 0 existing cell and moved 0 existing cell
INFO: [Physopt 32-949] No candidate nets found for dynamic/static region interface net replication
INFO: [Physopt 32-775] End 1 Pass. Optimized 0 net or cell. Created 0 new cell, deleted 0 existing cell and moved 0 existing cell
Netlist sorting complete. Time (s): cpu = 00:00:00 ; elapsed = 00:00:00 . Memory (MB): peak = 2744.656 ; gain = 0.000 ; free physical = 625 ; free virtual = 5099

Summary of Physical Synthesis Optimizations
============================================


-----------------------------------------------------------------------------------------------------------------------------------------------------------
|  Optimization                                     |  Added Cells  |  Removed Cells  |  Optimized Cells/Nets  |  Dont Touch  |  Iterations  |  Elapsed   |
-----------------------------------------------------------------------------------------------------------------------------------------------------------
|  LUT Combining                                    |            2  |              0  |                     2  |           0  |           1  |  00:00:00  |
|  Very High Fanout                                 |            0  |              0  |                     0  |           0  |           1  |  00:00:00  |
|  DSP Register                                     |            0  |              0  |                     0  |           0  |           1  |  00:00:00  |
|  Shift Register to Pipeline                       |            0  |              0  |                     0  |           0  |           1  |  00:00:00  |
|  Shift Register                                   |            0  |              0  |                     0  |           0  |           1  |  00:00:00  |
|  BRAM Register                                    |            0  |              0  |                     0  |           0  |           1  |  00:00:00  |
|  URAM Register                                    |            0  |              0  |                     0  |           0  |           1  |  00:00:00  |
|  Dynamic/Static Region Interface Net Replication  |            0  |              0  |                     0  |           0  |           1  |  00:00:00  |
|  Total                                            |            2  |              0  |                     2  |           0  |           8  |  00:00:00  |
-----------------------------------------------------------------------------------------------------------------------------------------------------------


Phase 2.3.1 Physical Synthesis In Placer | Checksum: 228d0af7c

Time (s): cpu = 00:00:04 ; elapsed = 00:00:03 . Memory (MB): peak = 2744.656 ; gain = 18.977 ; free physical = 626 ; free virtual = 5099
Phase 2.3 Global Placement Core | Checksum: 1c4f7efe7

Time (s): cpu = 00:00:04 ; elapsed = 00:00:03 . Memory (MB): peak = 2744.656 ; gain = 18.977 ; free physical = 626 ; free virtual = 5099
Phase 2 Global Placement | Checksum: 1c4f7efe7

Time (s): cpu = 00:00:04 ; elapsed = 00:00:03 . Memory (MB): peak = 2744.656 ; gain = 18.977 ; free physical = 626 ; free virtual = 5099

Phase 3 Detail Placement

Phase 3.1 Commit Multi Column Macros
Phase 3.1 Commit Multi Column Macros | Checksum: 1f4c90418

Time (s): cpu = 00:00:04 ; elapsed = 00:00:03 . Memory (MB): peak = 2744.656 ; gain = 18.977 ; free physical = 626 ; free virtual = 5099

Phase 3.2 Commit Most Macros & LUTRAMs
Phase 3.2 Commit Most Macros & LUTRAMs | Checksum: 2391671ff

Time (s): cpu = 00:00:04 ; elapsed = 00:00:03 . Memory (MB): peak = 2744.656 ; gain = 18.977 ; free physical = 626 ; free virtual = 5099

Phase 3.3 Area Swap Optimization
Phase 3.3 Area Swap Optimization | Checksum: 1fafeceec

Time (s): cpu = 00:00:04 ; elapsed = 00:00:03 . Memory (MB): peak = 2744.656 ; gain = 18.977 ; free physical = 626 ; free virtual = 5099

Phase 3.4 Pipeline Register Optimization
Phase 3.4 Pipeline Register Optimization | Checksum: 1fafeceec

Time (s): cpu = 00:00:04 ; elapsed = 00:00:03 . Memory (MB): peak = 2744.656 ; gain = 18.977 ; free physical = 626 ; free virtual = 5099

Phase 3.5 Fast Optimization
Phase 3.5 Fast Optimization | Checksum: 1ee937637

Time (s): cpu = 00:00:05 ; elapsed = 00:00:03 . Memory (MB): peak = 2744.656 ; gain = 18.977 ; free physical = 625 ; free virtual = 5099

Phase 3.6 Small Shape Detail Placement
Phase 3.6 Small Shape Detail Placement | Checksum: 1d34a3f2f

Time (s): cpu = 00:00:05 ; elapsed = 00:00:04 . Memory (MB): peak = 2745.660 ; gain = 19.980 ; free physical = 623 ; free virtual = 5097

Phase 3.7 Re-assign LUT pins
Phase 3.7 Re-assign LUT pins | Checksum: 17d26b20f

Time (s): cpu = 00:00:05 ; elapsed = 00:00:04 . Memory (MB): peak = 2745.660 ; gain = 19.980 ; free physical = 623 ; free virtual = 5097

Phase 3.8 Pipeline Register Optimization
Phase 3.8 Pipeline Register Optimization | Checksum: 17d26b20f

Time (s): cpu = 00:00:05 ; elapsed = 00:00:04 . Memory (MB): peak = 2745.660 ; gain = 19.980 ; free physical = 623 ; free virtual = 5097

Phase 3.9 Fast Optimization
Phase 3.9 Fast Optimization | Checksum: 2498e4211

Time (s): cpu = 00:00:07 ; elapsed = 00:00:05 . Memory (MB): peak = 2745.660 ; gain = 19.980 ; free physical = 624 ; free virtual = 5097
Phase 3 Detail Placement | Checksum: 2498e4211

Time (s): cpu = 00:00:07 ; elapsed = 00:00:05 . Memory (MB): peak = 2745.660 ; gain = 19.980 ; free physical = 624 ; free virtual = 5097

Phase 4 Post Placement Optimization and Clean-Up

Phase 4.1 Post Commit Optimization
INFO: [Timing 38-35] Done setting XDC timing constraints.

Phase 4.1.1 Post Placement Optimization
Post Placement Optimization Initialization | Checksum: 19711dfb4

Phase 4.1.1.1 BUFG Insertion

Starting Physical Synthesis Task

Phase 1 Physical Synthesis Initialization
INFO: [Physopt 32-721] Multithreading enabled for phys_opt_design using a maximum of 4 CPUs
INFO: [Physopt 32-619] Estimated Timing Summary | WNS=-19.224 | TNS=-435.759 |
Phase 1 Physical Synthesis Initialization | Checksum: 11f148a2f

Time (s): cpu = 00:00:00.03 ; elapsed = 00:00:00.02 . Memory (MB): peak = 2745.660 ; gain = 0.000 ; free physical = 624 ; free virtual = 5097
INFO: [Place 46-56] BUFG insertion identified 0 candidate nets. Inserted BUFG: 0, Replicated BUFG Driver: 0, Skipped due to Placement/Routing Conflicts: 0, Skipped due to Timing Degradation: 0, Skipped due to Illegal Netlist: 0.
Ending Physical Synthesis Task | Checksum: 1c2e0e103

Time (s): cpu = 00:00:00.03 ; elapsed = 00:00:00.02 . Memory (MB): peak = 2745.660 ; gain = 0.000 ; free physical = 624 ; free virtual = 5097
Phase 4.1.1.1 BUFG Insertion | Checksum: 19711dfb4

Time (s): cpu = 00:00:07 ; elapsed = 00:00:05 . Memory (MB): peak = 2745.660 ; gain = 19.980 ; free physical = 624 ; free virtual = 5097
INFO: [Place 30-746] Post Placement Timing Summary WNS=-18.219. For the most accurate timing information please run report_timing.

Time (s): cpu = 00:00:25 ; elapsed = 00:00:23 . Memory (MB): peak = 2745.660 ; gain = 19.980 ; free physical = 621 ; free virtual = 5094
Phase 4.1 Post Commit Optimization | Checksum: 1f7a59cd7

Time (s): cpu = 00:00:25 ; elapsed = 00:00:23 . Memory (MB): peak = 2745.660 ; gain = 19.980 ; free physical = 621 ; free virtual = 5094

Phase 4.2 Post Placement Cleanup
Phase 4.2 Post Placement Cleanup | Checksum: 1f7a59cd7

Time (s): cpu = 00:00:25 ; elapsed = 00:00:23 . Memory (MB): peak = 2745.660 ; gain = 19.980 ; free physical = 622 ; free virtual = 5095

Phase 4.3 Placer Reporting

Phase 4.3.1 Print Estimated Congestion
INFO: [Place 30-612] Post-Placement Estimated Congestion 
 ____________________________________________________
|           | Global Congestion | Short Congestion  |
| Direction | Region Size       | Region Size       |
|___________|___________________|___________________|
|      North|                1x1|                1x1|
|___________|___________________|___________________|
|      South|                1x1|                1x1|
|___________|___________________|___________________|
|       East|                1x1|                1x1|
|___________|___________________|___________________|
|       West|                1x1|                1x1|
|___________|___________________|___________________|

Phase 4.3.1 Print Estimated Congestion | Checksum: 1f7a59cd7

Time (s): cpu = 00:00:25 ; elapsed = 00:00:23 . Memory (MB): peak = 2745.660 ; gain = 19.980 ; free physical = 622 ; free virtual = 5095
Phase 4.3 Placer Reporting | Checksum: 1f7a59cd7

Time (s): cpu = 00:00:25 ; elapsed = 00:00:23 . Memory (MB): peak = 2745.660 ; gain = 19.980 ; free physical = 622 ; free virtual = 5095

Phase 4.4 Final Placement Cleanup
Netlist sorting complete. Time (s): cpu = 00:00:00 ; elapsed = 00:00:00 . Memory (MB): peak = 2745.660 ; gain = 0.000 ; free physical = 622 ; free virtual = 5095

Time (s): cpu = 00:00:25 ; elapsed = 00:00:23 . Memory (MB): peak = 2745.660 ; gain = 19.980 ; free physical = 622 ; free virtual = 5095
Phase 4 Post Placement Optimization and Clean-Up | Checksum: 1847a6772

Time (s): cpu = 00:00:25 ; elapsed = 00:00:23 . Memory (MB): peak = 2745.660 ; gain = 19.980 ; free physical = 622 ; free virtual = 5095
Ending Placer Task | Checksum: 11c5efd4d

Time (s): cpu = 00:00:25 ; elapsed = 00:00:23 . Memory (MB): peak = 2745.660 ; gain = 19.980 ; free physical = 622 ; free virtual = 5095
INFO: [Common 17-83] Releasing license: Implementation
68 Infos, 0 Warnings, 0 Critical Warnings and 0 Errors encountered.
place_design completed successfully
place_design: Time (s): cpu = 00:00:27 ; elapsed = 00:00:25 . Memory (MB): peak = 2745.660 ; gain = 19.980 ; free physical = 638 ; free virtual = 5111
INFO: [Timing 38-480] Writing timing data to binary archive.
Writing placer database...
Writing XDEF routing.
Writing XDEF routing logical nets.
Writing XDEF routing special nets.
Write XDEF Complete: Time (s): cpu = 00:00:00.15 ; elapsed = 00:00:00.05 . Memory (MB): peak = 2753.664 ; gain = 0.000 ; free physical = 636 ; free virtual = 5110
INFO: [Common 17-1381] The checkpoint '/home/matiaspc/Escritorio/universidad/tfg/trabajo/trabajo_final/trabajo_final.runs/impl_1/mult_config_2_placed.dcp' has been generated.
INFO: [runtcl-4] Executing : report_io -file mult_config_2_io_placed.rpt
report_io: Time (s): cpu = 00:00:00.15 ; elapsed = 00:00:00.21 . Memory (MB): peak = 2753.664 ; gain = 0.000 ; free physical = 629 ; free virtual = 5103
INFO: [runtcl-4] Executing : report_utilization -file mult_config_2_utilization_placed.rpt -pb mult_config_2_utilization_placed.pb
INFO: [runtcl-4] Executing : report_control_sets -verbose -file mult_config_2_control_sets_placed.rpt
report_control_sets: Time (s): cpu = 00:00:00.07 ; elapsed = 00:00:00.13 . Memory (MB): peak = 2753.664 ; gain = 0.000 ; free physical = 637 ; free virtual = 5111
Command: phys_opt_design
Attempting to get a license for feature 'Implementation' and/or device 'xc7a100t'
INFO: [Common 17-349] Got license for feature 'Implementation' and/or device 'xc7a100t'
Netlist sorting complete. Time (s): cpu = 00:00:00 ; elapsed = 00:00:00 . Memory (MB): peak = 2753.664 ; gain = 0.000 ; free physical = 606 ; free virtual = 5080

Starting Physical Synthesis Task

Phase 1 Physical Synthesis Initialization
INFO: [Physopt 32-721] Multithreading enabled for phys_opt_design using a maximum of 4 CPUs
INFO: [Physopt 32-619] Estimated Timing Summary | WNS=-18.219 | TNS=-413.038 |
Phase 1 Physical Synthesis Initialization | Checksum: cb0879bd

Time (s): cpu = 00:00:00.23 ; elapsed = 00:00:00.19 . Memory (MB): peak = 2753.664 ; gain = 0.000 ; free physical = 606 ; free virtual = 5079
INFO: [Physopt 32-619] Estimated Timing Summary | WNS=-18.219 | TNS=-413.038 |

Phase 2 DSP Register Optimization
INFO: [Physopt 32-456] No candidate cells for DSP register optimization found in the design.
INFO: [Physopt 32-775] End 2 Pass. Optimized 0 net or cell. Created 0 new cell, deleted 0 existing cell and moved 0 existing cell
Phase 2 DSP Register Optimization | Checksum: cb0879bd

Time (s): cpu = 00:00:00.37 ; elapsed = 00:00:00.33 . Memory (MB): peak = 2753.664 ; gain = 0.000 ; free physical = 606 ; free virtual = 5079

Phase 3 Critical Path Optimization
INFO: [Physopt 32-619] Estimated Timing Summary | WNS=-18.219 | TNS=-413.038 |
INFO: [Physopt 32-662] Processed net S_OBUF[13].  Did not re-place instance S_OBUF[13]_inst_i_1
INFO: [Physopt 32-702] Processed net S_OBUF[13]. Optimizations did not improve timing on the net.
INFO: [Physopt 32-81] Processed net contador_reg[1]_P_n_0. Replicated 1 times.
INFO: [Physopt 32-735] Processed net contador_reg[1]_P_n_0. Optimization improves timing on the net.
INFO: [Physopt 32-619] Estimated Timing Summary | WNS=-18.219 | TNS=-416.784 |
INFO: [Physopt 32-81] Processed net contador_reg[1]_P_n_0. Replicated 1 times.
INFO: [Physopt 32-735] Processed net contador_reg[1]_P_n_0. Optimization improves timing on the net.
INFO: [Physopt 32-619] Estimated Timing Summary | WNS=-18.219 | TNS=-419.793 |
INFO: [Physopt 32-601] Processed net contador_reg[1]_P_n_0. Net driver contador_reg[1]_P was replaced.
INFO: [Physopt 32-735] Processed net contador_reg[1]_P_n_0. Optimization improves timing on the net.
INFO: [Physopt 32-619] Estimated Timing Summary | WNS=-18.219 | TNS=-419.657 |
INFO: [Physopt 32-572] Net contador_reg[1]_P_n_0 was not replicated.
Resolution: phys_opt_design can be forced to replicate a net driver using the option -force_replication_on_nets <list of net objects>.
INFO: [Physopt 32-662] Processed net contador_reg[1]_P_n_0.  Did not re-place instance contador_reg[1]_P
INFO: [Physopt 32-572] Net contador_reg[1]_P_n_0 was not replicated.
Resolution: phys_opt_design can be forced to replicate a net driver using the option -force_replication_on_nets <list of net objects>.
INFO: [Physopt 32-702] Processed net contador_reg[1]_P_n_0. Optimizations did not improve timing on the net.
INFO: [Physopt 32-662] Processed net S_OBUF[13]_inst_i_6_n_0.  Did not re-place instance S_OBUF[13]_inst_i_6
INFO: [Physopt 32-572] Net S_OBUF[13]_inst_i_6_n_0 was not replicated.
Resolution: phys_opt_design can be forced to replicate a net driver using the option -force_replication_on_nets <list of net objects>.
INFO: [Physopt 32-735] Processed net S_OBUF[13]_inst_i_6_n_0. Optimization improves timing on the net.
INFO: [Physopt 32-619] Estimated Timing Summary | WNS=-18.189 | TNS=-418.562 |
INFO: [Physopt 32-662] Processed net S_OBUF[15]_inst_i_8_n_0.  Did not re-place instance S_OBUF[15]_inst_i_8
INFO: [Physopt 32-710] Processed net S_OBUF[15]_inst_i_5_n_0. Critical path length was reduced through logic transformation on cell S_OBUF[15]_inst_i_5_comp.
INFO: [Physopt 32-735] Processed net S_OBUF[15]_inst_i_8_n_0. Optimization improves timing on the net.
INFO: [Physopt 32-619] Estimated Timing Summary | WNS=-18.063 | TNS=-418.194 |
INFO: [Physopt 32-663] Processed net S_OBUF[15]_inst_i_12_n_0.  Re-placed instance S_OBUF[15]_inst_i_12
INFO: [Physopt 32-735] Processed net S_OBUF[15]_inst_i_12_n_0. Optimization improves timing on the net.
INFO: [Physopt 32-619] Estimated Timing Summary | WNS=-18.006 | TNS=-418.007 |
INFO: [Physopt 32-662] Processed net S_OBUF[13]_inst_i_6_n_0.  Did not re-place instance S_OBUF[13]_inst_i_6
INFO: [Physopt 32-134] Processed net S_OBUF[13]_inst_i_6_n_0. Rewiring did not optimize the net.
INFO: [Physopt 32-572] Net S_OBUF[13]_inst_i_6_n_0 was not replicated.
Resolution: phys_opt_design can be forced to replicate a net driver using the option -force_replication_on_nets <list of net objects>.
INFO: [Physopt 32-735] Processed net S_OBUF[13]_inst_i_6_n_0. Optimization improves timing on the net.
INFO: [Physopt 32-619] Estimated Timing Summary | WNS=-18.002 | TNS=-417.983 |
INFO: [Physopt 32-662] Processed net S_OBUF[13]_inst_i_6_n_0.  Did not re-place instance S_OBUF[13]_inst_i_6
INFO: [Physopt 32-572] Net S_OBUF[13]_inst_i_6_n_0 was not replicated.
Resolution: phys_opt_design can be forced to replicate a net driver using the option -force_replication_on_nets <list of net objects>.
INFO: [Physopt 32-702] Processed net S_OBUF[13]_inst_i_6_n_0. Optimizations did not improve timing on the net.
INFO: [Physopt 32-662] Processed net S_OBUF[15]_inst_i_11_n_0.  Did not re-place instance S_OBUF[15]_inst_i_11
INFO: [Physopt 32-572] Net S_OBUF[15]_inst_i_11_n_0 was not replicated.
Resolution: phys_opt_design can be forced to replicate a net driver using the option -force_replication_on_nets <list of net objects>.
INFO: [Physopt 32-702] Processed net S_OBUF[15]_inst_i_11_n_0. Optimizations did not improve timing on the net.
INFO: [Physopt 32-662] Processed net right_2[1].  Did not re-place instance left_2[1]_i_2
INFO: [Physopt 32-710] Processed net S_OBUF[15]_inst_i_11_n_0. Critical path length was reduced through logic transformation on cell S_OBUF[15]_inst_i_11_comp.
INFO: [Physopt 32-735] Processed net right_2[1]. Optimization improves timing on the net.
INFO: [Physopt 32-619] Estimated Timing Summary | WNS=-17.998 | TNS=-417.715 |
INFO: [Physopt 32-662] Processed net S_OBUF[15]_inst_i_13_n_0.  Did not re-place instance S_OBUF[15]_inst_i_13
INFO: [Physopt 32-572] Net S_OBUF[15]_inst_i_13_n_0 was not replicated.
Resolution: phys_opt_design can be forced to replicate a net driver using the option -force_replication_on_nets <list of net objects>.
INFO: [Physopt 32-702] Processed net S_OBUF[15]_inst_i_13_n_0. Optimizations did not improve timing on the net.
INFO: [Physopt 32-662] Processed net right_2[1].  Did not re-place instance left_2[1]_i_2
INFO: [Physopt 32-572] Net right_2[1] was not replicated.
Resolution: phys_opt_design can be forced to replicate a net driver using the option -force_replication_on_nets <list of net objects>.
INFO: [Physopt 32-735] Processed net right_2[1]. Optimization improves timing on the net.
INFO: [Physopt 32-619] Estimated Timing Summary | WNS=-17.995 | TNS=-417.615 |
INFO: [Physopt 32-662] Processed net S_OBUF[15]_inst_i_8_n_0_repN.  Did not re-place instance S_OBUF[15]_inst_i_8_comp_1
INFO: [Physopt 32-702] Processed net S_OBUF[15]_inst_i_8_n_0_repN. Optimizations did not improve timing on the net.
INFO: [Physopt 32-662] Processed net S_OBUF[15]_inst_i_7_n_0.  Did not re-place instance S_OBUF[15]_inst_i_7
INFO: [Physopt 32-572] Net S_OBUF[15]_inst_i_7_n_0 was not replicated.
Resolution: phys_opt_design can be forced to replicate a net driver using the option -force_replication_on_nets <list of net objects>.
INFO: [Physopt 32-702] Processed net S_OBUF[15]_inst_i_7_n_0. Optimizations did not improve timing on the net.
INFO: [Physopt 32-662] Processed net S_OBUF[13]_inst_i_7_n_0.  Did not re-place instance S_OBUF[13]_inst_i_7
INFO: [Physopt 32-710] Processed net S_OBUF[15]_inst_i_7_n_0. Critical path length was reduced through logic transformation on cell S_OBUF[15]_inst_i_7_comp.
INFO: [Physopt 32-735] Processed net S_OBUF[13]_inst_i_7_n_0. Optimization improves timing on the net.
INFO: [Physopt 32-619] Estimated Timing Summary | WNS=-17.962 | TNS=-417.531 |
INFO: [Physopt 32-662] Processed net contador_reg[0]_P_n_0.  Did not re-place instance contador_reg[0]_P
INFO: [Physopt 32-572] Net contador_reg[0]_P_n_0 was not replicated.
Resolution: phys_opt_design can be forced to replicate a net driver using the option -force_replication_on_nets <list of net objects>.
INFO: [Physopt 32-702] Processed net contador_reg[0]_P_n_0. Optimizations did not improve timing on the net.
INFO: [Physopt 32-662] Processed net bottomL_3_i_2_n_0.  Did not re-place instance bottomL_3_i_2
INFO: [Physopt 32-572] Net bottomL_3_i_2_n_0 was not replicated.
Resolution: phys_opt_design can be forced to replicate a net driver using the option -force_replication_on_nets <list of net objects>.
INFO: [Physopt 32-702] Processed net bottomL_3_i_2_n_0. Optimizations did not improve timing on the net.
INFO: [Physopt 32-663] Processed net bottomL_2_i_7_n_0.  Re-placed instance bottomL_2_i_7
INFO: [Physopt 32-735] Processed net bottomL_2_i_7_n_0. Optimization improves timing on the net.
INFO: [Physopt 32-619] Estimated Timing Summary | WNS=-17.957 | TNS=-417.491 |
INFO: [Physopt 32-663] Processed net topR_4.  Re-placed instance bottomL_3_i_1
INFO: [Physopt 32-735] Processed net topR_4. Optimization improves timing on the net.
INFO: [Physopt 32-619] Estimated Timing Summary | WNS=-17.948 | TNS=-417.279 |
INFO: [Physopt 32-663] Processed net right_2[2].  Re-placed instance left_2[2]_i_1
INFO: [Physopt 32-735] Processed net right_2[2]. Optimization improves timing on the net.
INFO: [Physopt 32-619] Estimated Timing Summary | WNS=-17.940 | TNS=-416.945 |
INFO: [Physopt 32-662] Processed net topR_3.  Did not re-place instance bottomL_2_i_1
INFO: [Physopt 32-572] Net topR_3 was not replicated.
Resolution: phys_opt_design can be forced to replicate a net driver using the option -force_replication_on_nets <list of net objects>.
INFO: [Physopt 32-702] Processed net topR_3. Optimizations did not improve timing on the net.
INFO: [Physopt 32-662] Processed net bottomL_2_i_2_n_0.  Did not re-place instance bottomL_2_i_2
INFO: [Physopt 32-572] Net bottomL_2_i_2_n_0 was not replicated.
Resolution: phys_opt_design can be forced to replicate a net driver using the option -force_replication_on_nets <list of net objects>.
INFO: [Physopt 32-702] Processed net bottomL_2_i_2_n_0. Optimizations did not improve timing on the net.
INFO: [Physopt 32-662] Processed net bottomL_2_i_6_n_0.  Did not re-place instance bottomL_2_i_6
INFO: [Physopt 32-710] Processed net bottomL_2_i_2_n_0. Critical path length was reduced through logic transformation on cell bottomL_2_i_2_comp.
INFO: [Physopt 32-735] Processed net bottomL_2_i_6_n_0. Optimization improves timing on the net.
INFO: [Physopt 32-619] Estimated Timing Summary | WNS=-17.939 | TNS=-416.904 |
INFO: [Physopt 32-663] Processed net S_OBUF[15]_inst_i_10_n_0.  Re-placed instance S_OBUF[15]_inst_i_10
INFO: [Physopt 32-735] Processed net S_OBUF[15]_inst_i_10_n_0. Optimization improves timing on the net.
INFO: [Physopt 32-619] Estimated Timing Summary | WNS=-17.932 | TNS=-416.883 |
INFO: [Physopt 32-662] Processed net S_OBUF[15]_inst_i_10_n_0.  Did not re-place instance S_OBUF[15]_inst_i_10
INFO: [Physopt 32-702] Processed net S_OBUF[15]_inst_i_10_n_0. Optimizations did not improve timing on the net.
INFO: [Physopt 32-662] Processed net bottomL_2_i_5_n_0.  Did not re-place instance bottomL_2_i_5
INFO: [Physopt 32-710] Processed net S_OBUF[15]_inst_i_10_n_0. Critical path length was reduced through logic transformation on cell S_OBUF[15]_inst_i_10_comp.
INFO: [Physopt 32-735] Processed net bottomL_2_i_5_n_0. Optimization improves timing on the net.
INFO: [Physopt 32-619] Estimated Timing Summary | WNS=-17.923 | TNS=-416.856 |
INFO: [Physopt 32-662] Processed net S_OBUF[11]_inst_i_5_n_0.  Did not re-place instance S_OBUF[11]_inst_i_5
INFO: [Physopt 32-572] Net S_OBUF[11]_inst_i_5_n_0 was not replicated.
Resolution: phys_opt_design can be forced to replicate a net driver using the option -force_replication_on_nets <list of net objects>.
INFO: [Physopt 32-702] Processed net S_OBUF[11]_inst_i_5_n_0. Optimizations did not improve timing on the net.
INFO: [Physopt 32-663] Processed net S_OBUF[11]_inst_i_6_n_0.  Re-placed instance S_OBUF[11]_inst_i_6
INFO: [Physopt 32-735] Processed net S_OBUF[11]_inst_i_6_n_0. Optimization improves timing on the net.
INFO: [Physopt 32-619] Estimated Timing Summary | WNS=-17.922 | TNS=-416.765 |
INFO: [Physopt 32-662] Processed net bottomL_3_i_4_n_0.  Did not re-place instance bottomL_3_i_4
INFO: [Physopt 32-572] Net bottomL_3_i_4_n_0 was not replicated.
Resolution: phys_opt_design can be forced to replicate a net driver using the option -force_replication_on_nets <list of net objects>.
INFO: [Physopt 32-702] Processed net bottomL_3_i_4_n_0. Optimizations did not improve timing on the net.
INFO: [Physopt 32-662] Processed net bottomL_3_i_5_n_0.  Did not re-place instance bottomL_3_i_5
INFO: [Physopt 32-134] Processed net bottomL_3_i_5_n_0. Rewiring did not optimize the net.
INFO: [Physopt 32-572] Net bottomL_3_i_5_n_0 was not replicated.
Resolution: phys_opt_design can be forced to replicate a net driver using the option -force_replication_on_nets <list of net objects>.
INFO: [Physopt 32-702] Processed net bottomL_3_i_5_n_0. Optimizations did not improve timing on the net.
INFO: [Physopt 32-662] Processed net S_OBUF[12]_inst_i_6_n_0.  Did not re-place instance S_OBUF[12]_inst_i_6
INFO: [Physopt 32-572] Net S_OBUF[12]_inst_i_6_n_0 was not replicated.
Resolution: phys_opt_design can be forced to replicate a net driver using the option -force_replication_on_nets <list of net objects>.
INFO: [Physopt 32-702] Processed net S_OBUF[12]_inst_i_6_n_0. Optimizations did not improve timing on the net.
INFO: [Physopt 32-572] Net S_OBUF[10]_inst_i_8_n_0 was not replicated.
Resolution: phys_opt_design can be forced to replicate a net driver using the option -force_replication_on_nets <list of net objects>.
INFO: [Physopt 32-662] Processed net S_OBUF[10]_inst_i_8_n_0.  Did not re-place instance S_OBUF[10]_inst_i_8
INFO: [Physopt 32-572] Net S_OBUF[10]_inst_i_8_n_0 was not replicated.
Resolution: phys_opt_design can be forced to replicate a net driver using the option -force_replication_on_nets <list of net objects>.
INFO: [Physopt 32-702] Processed net S_OBUF[10]_inst_i_8_n_0. Optimizations did not improve timing on the net.
INFO: [Physopt 32-572] Net S_OBUF[0]_inst_i_2_n_0 was not replicated.
Resolution: phys_opt_design can be forced to replicate a net driver using the option -force_replication_on_nets <list of net objects>.
INFO: [Physopt 32-662] Processed net S_OBUF[0]_inst_i_2_n_0.  Did not re-place instance S_OBUF[0]_inst_i_2
INFO: [Physopt 32-572] Net S_OBUF[0]_inst_i_2_n_0 was not replicated.
Resolution: phys_opt_design can be forced to replicate a net driver using the option -force_replication_on_nets <list of net objects>.
INFO: [Physopt 32-702] Processed net S_OBUF[0]_inst_i_2_n_0. Optimizations did not improve timing on the net.
INFO: [Physopt 32-662] Processed net S_OBUF[15]_inst_i_5_n_0.  Did not re-place instance S_OBUF[15]_inst_i_5_comp
INFO: [Physopt 32-572] Net S_OBUF[15]_inst_i_5_n_0 was not replicated.
Resolution: phys_opt_design can be forced to replicate a net driver using the option -force_replication_on_nets <list of net objects>.
INFO: [Physopt 32-702] Processed net S_OBUF[15]_inst_i_5_n_0. Optimizations did not improve timing on the net.
INFO: [Physopt 32-702] Processed net clk_IBUF. Optimizations did not improve timing on the net.
INFO: [Physopt 32-702] Processed net clk. Optimizations did not improve timing on the net.
INFO: [Physopt 32-662] Processed net contador_reg[0]_C_n_0.  Did not re-place instance contador_reg[0]_C
INFO: [Physopt 32-702] Processed net contador_reg[0]_C_n_0. Optimizations did not improve timing on the net.
INFO: [Physopt 32-663] Processed net contador_reg[0]_LDC_i_2_n_0.  Re-placed instance contador_reg[0]_LDC_i_2
INFO: [Physopt 32-735] Processed net contador_reg[0]_LDC_i_2_n_0. Optimization improves timing on the net.
INFO: [Physopt 32-619] Estimated Timing Summary | WNS=-17.922 | TNS=-416.241 |
INFO: [Physopt 32-662] Processed net contador_reg[1]_C_n_0.  Did not re-place instance contador_reg[1]_C
INFO: [Physopt 32-702] Processed net contador_reg[1]_C_n_0. Optimizations did not improve timing on the net.
INFO: [Physopt 32-663] Processed net contador_reg[1]_LDC_i_2_n_0.  Re-placed instance contador_reg[1]_LDC_i_2
INFO: [Physopt 32-735] Processed net contador_reg[1]_LDC_i_2_n_0. Optimization improves timing on the net.
INFO: [Physopt 32-619] Estimated Timing Summary | WNS=-17.922 | TNS=-415.760 |
INFO: [Physopt 32-702] Processed net reset_IBUF. Optimizations did not improve timing on the net.
INFO: [Physopt 32-702] Processed net reset. Optimizations did not improve timing on the net.
INFO: [Physopt 32-662] Processed net S_OBUF[13].  Did not re-place instance S_OBUF[13]_inst_i_1
INFO: [Physopt 32-702] Processed net S_OBUF[13]. Optimizations did not improve timing on the net.
INFO: [Physopt 32-662] Processed net contador_reg[1]_P_n_0.  Did not re-place instance contador_reg[1]_P
INFO: [Physopt 32-702] Processed net contador_reg[1]_P_n_0. Optimizations did not improve timing on the net.
INFO: [Physopt 32-662] Processed net S_OBUF[15]_inst_i_8_n_0_repN.  Did not re-place instance S_OBUF[15]_inst_i_8_comp_1
INFO: [Physopt 32-702] Processed net S_OBUF[15]_inst_i_8_n_0_repN. Optimizations did not improve timing on the net.
INFO: [Physopt 32-662] Processed net S_OBUF[15]_inst_i_7_n_0.  Did not re-place instance S_OBUF[15]_inst_i_7_comp
INFO: [Physopt 32-702] Processed net S_OBUF[15]_inst_i_7_n_0. Optimizations did not improve timing on the net.
INFO: [Physopt 32-662] Processed net bottomL_3_i_4_n_0.  Did not re-place instance bottomL_3_i_4
INFO: [Physopt 32-702] Processed net bottomL_3_i_4_n_0. Optimizations did not improve timing on the net.
INFO: [Physopt 32-662] Processed net bottomL_3_i_5_n_0.  Did not re-place instance bottomL_3_i_5
INFO: [Physopt 32-702] Processed net bottomL_3_i_5_n_0. Optimizations did not improve timing on the net.
INFO: [Physopt 32-663] Processed net S_OBUF[12]_inst_i_6_n_0.  Re-placed instance S_OBUF[12]_inst_i_6
INFO: [Physopt 32-735] Processed net S_OBUF[12]_inst_i_6_n_0. Optimization improves timing on the net.
INFO: [Physopt 32-619] Estimated Timing Summary | WNS=-17.921 | TNS=-414.657 |
INFO: [Physopt 32-662] Processed net contador_reg[0]_P_n_0.  Did not re-place instance contador_reg[0]_P
INFO: [Physopt 32-702] Processed net contador_reg[0]_P_n_0. Optimizations did not improve timing on the net.
INFO: [Physopt 32-662] Processed net S_OBUF[15]_inst_i_13_n_0.  Did not re-place instance S_OBUF[15]_inst_i_13
INFO: [Physopt 32-702] Processed net S_OBUF[15]_inst_i_13_n_0. Optimizations did not improve timing on the net.
INFO: [Physopt 32-662] Processed net topR_3.  Did not re-place instance bottomL_2_i_1
INFO: [Physopt 32-702] Processed net topR_3. Optimizations did not improve timing on the net.
INFO: [Physopt 32-662] Processed net bottomL_2_i_2_n_0.  Did not re-place instance bottomL_2_i_2_comp
INFO: [Physopt 32-735] Processed net bottomL_2_i_2_n_0. Optimization improves timing on the net.
INFO: [Physopt 32-619] Estimated Timing Summary | WNS=-17.907 | TNS=-414.467 |
INFO: [Physopt 32-662] Processed net right_2[1].  Did not re-place instance left_2[1]_i_2
INFO: [Physopt 32-702] Processed net right_2[1]. Optimizations did not improve timing on the net.
INFO: [Physopt 32-663] Processed net left_2[2]_i_4_n_0.  Re-placed instance left_2[2]_i_4
INFO: [Physopt 32-735] Processed net left_2[2]_i_4_n_0. Optimization improves timing on the net.
INFO: [Physopt 32-619] Estimated Timing Summary | WNS=-17.905 | TNS=-414.483 |
INFO: [Physopt 32-662] Processed net S_OBUF[13]_inst_i_6_n_0.  Did not re-place instance S_OBUF[13]_inst_i_6
INFO: [Physopt 32-702] Processed net S_OBUF[13]_inst_i_6_n_0. Optimizations did not improve timing on the net.
INFO: [Physopt 32-662] Processed net S_OBUF[15]_inst_i_11_n_0.  Did not re-place instance S_OBUF[15]_inst_i_11_comp
INFO: [Physopt 32-735] Processed net S_OBUF[15]_inst_i_11_n_0. Optimization improves timing on the net.
INFO: [Physopt 32-619] Estimated Timing Summary | WNS=-17.896 | TNS=-414.413 |
INFO: [Physopt 32-662] Processed net S_OBUF[5]_inst_i_2_n_0.  Did not re-place instance S_OBUF[5]_inst_i_2
INFO: [Physopt 32-702] Processed net S_OBUF[5]_inst_i_2_n_0. Optimizations did not improve timing on the net.
INFO: [Physopt 32-662] Processed net S_OBUF[5]_inst_i_7_n_0.  Did not re-place instance S_OBUF[5]_inst_i_7
INFO: [Physopt 32-702] Processed net S_OBUF[5]_inst_i_7_n_0. Optimizations did not improve timing on the net.
INFO: [Physopt 32-662] Processed net topR_2.  Did not re-place instance S_OBUF[5]_inst_i_3
INFO: [Physopt 32-735] Processed net topR_2. Optimization improves timing on the net.
INFO: [Physopt 32-619] Estimated Timing Summary | WNS=-17.885 | TNS=-413.747 |
INFO: [Physopt 32-662] Processed net left_2[2]_i_2_n_0.  Did not re-place instance left_2[2]_i_2
INFO: [Physopt 32-735] Processed net left_2[2]_i_2_n_0. Optimization improves timing on the net.
INFO: [Physopt 32-619] Estimated Timing Summary | WNS=-17.869 | TNS=-413.697 |
INFO: [Physopt 32-663] Processed net S_OBUF[15]_inst_i_12_n_0.  Re-placed instance S_OBUF[15]_inst_i_12
INFO: [Physopt 32-735] Processed net S_OBUF[15]_inst_i_12_n_0. Optimization improves timing on the net.
INFO: [Physopt 32-619] Estimated Timing Summary | WNS=-17.867 | TNS=-413.691 |
INFO: [Physopt 32-662] Processed net left_2[2]_i_4_n_0.  Did not re-place instance left_2[2]_i_4
INFO: [Physopt 32-735] Processed net left_2[2]_i_4_n_0. Optimization improves timing on the net.
INFO: [Physopt 32-619] Estimated Timing Summary | WNS=-17.847 | TNS=-413.379 |
INFO: [Physopt 32-662] Processed net bottomL_2_i_2_n_0.  Did not re-place instance bottomL_2_i_2_comp
INFO: [Physopt 32-702] Processed net bottomL_2_i_2_n_0. Optimizations did not improve timing on the net.
INFO: [Physopt 32-663] Processed net bottomL_2_i_6_n_0.  Re-placed instance bottomL_2_i_6_comp
INFO: [Physopt 32-735] Processed net bottomL_2_i_6_n_0. Optimization improves timing on the net.
INFO: [Physopt 32-619] Estimated Timing Summary | WNS=-17.836 | TNS=-413.218 |
INFO: [Physopt 32-662] Processed net left_2[2]_i_2_n_0.  Did not re-place instance left_2[2]_i_2
INFO: [Physopt 32-702] Processed net left_2[2]_i_2_n_0. Optimizations did not improve timing on the net.
INFO: [Physopt 32-662] Processed net left_2[2]_i_6_n_0.  Did not re-place instance left_2[2]_i_6
INFO: [Physopt 32-735] Processed net left_2[2]_i_6_n_0. Optimization improves timing on the net.
INFO: [Physopt 32-619] Estimated Timing Summary | WNS=-17.815 | TNS=-413.080 |
INFO: [Physopt 32-662] Processed net bottomL_3_i_2_n_0.  Did not re-place instance bottomL_3_i_2
INFO: [Physopt 32-702] Processed net bottomL_3_i_2_n_0. Optimizations did not improve timing on the net.
INFO: [Physopt 32-663] Processed net bottomL_2_i_7_n_0.  Re-placed instance bottomL_2_i_7
INFO: [Physopt 32-735] Processed net bottomL_2_i_7_n_0. Optimization improves timing on the net.
INFO: [Physopt 32-619] Estimated Timing Summary | WNS=-17.807 | TNS=-413.048 |
INFO: [Physopt 32-662] Processed net bottomL_2_i_7_n_0.  Did not re-place instance bottomL_2_i_7
INFO: [Physopt 32-702] Processed net bottomL_2_i_7_n_0. Optimizations did not improve timing on the net.
INFO: [Physopt 32-662] Processed net S_OBUF[5]_inst_i_13_n_0.  Did not re-place instance S_OBUF[5]_inst_i_13
INFO: [Physopt 32-702] Processed net S_OBUF[5]_inst_i_13_n_0. Optimizations did not improve timing on the net.
INFO: [Physopt 32-662] Processed net S_OBUF[3]_inst_i_4_n_0.  Did not re-place instance S_OBUF[3]_inst_i_4
INFO: [Physopt 32-702] Processed net S_OBUF[3]_inst_i_4_n_0. Optimizations did not improve timing on the net.
INFO: [Physopt 32-662] Processed net S_OBUF[15]_inst_i_5_n_0.  Did not re-place instance S_OBUF[15]_inst_i_5_comp
INFO: [Physopt 32-702] Processed net S_OBUF[15]_inst_i_5_n_0. Optimizations did not improve timing on the net.
INFO: [Physopt 32-702] Processed net clk_IBUF. Optimizations did not improve timing on the net.
INFO: [Physopt 32-702] Processed net clk. Optimizations did not improve timing on the net.
INFO: [Physopt 32-702] Processed net reset_IBUF. Optimizations did not improve timing on the net.
INFO: [Physopt 32-702] Processed net reset. Optimizations did not improve timing on the net.
INFO: [Physopt 32-619] Estimated Timing Summary | WNS=-17.807 | TNS=-413.048 |
Phase 3 Critical Path Optimization | Checksum: cb0879bd

Time (s): cpu = 00:00:20 ; elapsed = 00:00:12 . Memory (MB): peak = 2753.664 ; gain = 0.000 ; free physical = 603 ; free virtual = 5077

Phase 4 Critical Path Optimization
INFO: [Physopt 32-619] Estimated Timing Summary | WNS=-17.807 | TNS=-413.048 |
INFO: [Physopt 32-662] Processed net S_OBUF[13].  Did not re-place instance S_OBUF[13]_inst_i_1
INFO: [Physopt 32-702] Processed net S_OBUF[13]. Optimizations did not improve timing on the net.
INFO: [Physopt 32-662] Processed net contador_reg[0]_P_n_0.  Did not re-place instance contador_reg[0]_P
INFO: [Physopt 32-572] Net contador_reg[0]_P_n_0 was not replicated.
Resolution: phys_opt_design can be forced to replicate a net driver using the option -force_replication_on_nets <list of net objects>.
INFO: [Physopt 32-702] Processed net contador_reg[0]_P_n_0. Optimizations did not improve timing on the net.
INFO: [Physopt 32-662] Processed net S_OBUF[15]_inst_i_8_n_0_repN.  Did not re-place instance S_OBUF[15]_inst_i_8_comp_1
INFO: [Physopt 32-702] Processed net S_OBUF[15]_inst_i_8_n_0_repN. Optimizations did not improve timing on the net.
INFO: [Physopt 32-662] Processed net S_OBUF[15]_inst_i_7_n_0.  Did not re-place instance S_OBUF[15]_inst_i_7_comp
INFO: [Physopt 32-572] Net S_OBUF[15]_inst_i_7_n_0 was not replicated.
Resolution: phys_opt_design can be forced to replicate a net driver using the option -force_replication_on_nets <list of net objects>.
INFO: [Physopt 32-702] Processed net S_OBUF[15]_inst_i_7_n_0. Optimizations did not improve timing on the net.
INFO: [Physopt 32-662] Processed net bottomL_3_i_2_n_0.  Did not re-place instance bottomL_3_i_2
INFO: [Physopt 32-572] Net bottomL_3_i_2_n_0 was not replicated.
Resolution: phys_opt_design can be forced to replicate a net driver using the option -force_replication_on_nets <list of net objects>.
INFO: [Physopt 32-702] Processed net bottomL_3_i_2_n_0. Optimizations did not improve timing on the net.
INFO: [Physopt 32-662] Processed net bottomL_2_i_7_n_0.  Did not re-place instance bottomL_2_i_7
INFO: [Physopt 32-572] Net bottomL_2_i_7_n_0 was not replicated.
Resolution: phys_opt_design can be forced to replicate a net driver using the option -force_replication_on_nets <list of net objects>.
INFO: [Physopt 32-702] Processed net bottomL_2_i_7_n_0. Optimizations did not improve timing on the net.
INFO: [Physopt 32-662] Processed net S_OBUF[5]_inst_i_13_n_0.  Did not re-place instance S_OBUF[5]_inst_i_13
INFO: [Physopt 32-572] Net S_OBUF[5]_inst_i_13_n_0 was not replicated.
Resolution: phys_opt_design can be forced to replicate a net driver using the option -force_replication_on_nets <list of net objects>.
INFO: [Physopt 32-702] Processed net S_OBUF[5]_inst_i_13_n_0. Optimizations did not improve timing on the net.
INFO: [Physopt 32-572] Net S_OBUF[3]_inst_i_4_n_0 was not replicated.
Resolution: phys_opt_design can be forced to replicate a net driver using the option -force_replication_on_nets <list of net objects>.
INFO: [Physopt 32-662] Processed net S_OBUF[3]_inst_i_4_n_0.  Did not re-place instance S_OBUF[3]_inst_i_4
INFO: [Physopt 32-702] Processed net S_OBUF[3]_inst_i_4_n_0. Optimizations did not improve timing on the net.
INFO: [Physopt 32-662] Processed net S_OBUF[15]_inst_i_5_n_0.  Did not re-place instance S_OBUF[15]_inst_i_5_comp
INFO: [Physopt 32-572] Net S_OBUF[15]_inst_i_5_n_0 was not replicated.
Resolution: phys_opt_design can be forced to replicate a net driver using the option -force_replication_on_nets <list of net objects>.
INFO: [Physopt 32-702] Processed net S_OBUF[15]_inst_i_5_n_0. Optimizations did not improve timing on the net.
INFO: [Physopt 32-702] Processed net clk_IBUF. Optimizations did not improve timing on the net.
INFO: [Physopt 32-702] Processed net clk. Optimizations did not improve timing on the net.
INFO: [Physopt 32-662] Processed net contador_reg[1]_P_n_0.  Did not re-place instance contador_reg[1]_P
INFO: [Physopt 32-702] Processed net contador_reg[1]_P_n_0. Optimizations did not improve timing on the net.
INFO: [Physopt 32-702] Processed net reset_IBUF. Optimizations did not improve timing on the net.
INFO: [Physopt 32-702] Processed net reset. Optimizations did not improve timing on the net.
INFO: [Physopt 32-662] Processed net S_OBUF[13].  Did not re-place instance S_OBUF[13]_inst_i_1
INFO: [Physopt 32-702] Processed net S_OBUF[13]. Optimizations did not improve timing on the net.
INFO: [Physopt 32-662] Processed net contador_reg[0]_P_n_0.  Did not re-place instance contador_reg[0]_P
INFO: [Physopt 32-702] Processed net contador_reg[0]_P_n_0. Optimizations did not improve timing on the net.
INFO: [Physopt 32-662] Processed net S_OBUF[15]_inst_i_8_n_0_repN.  Did not re-place instance S_OBUF[15]_inst_i_8_comp_1
INFO: [Physopt 32-702] Processed net S_OBUF[15]_inst_i_8_n_0_repN. Optimizations did not improve timing on the net.
INFO: [Physopt 32-662] Processed net S_OBUF[15]_inst_i_7_n_0.  Did not re-place instance S_OBUF[15]_inst_i_7_comp
INFO: [Physopt 32-702] Processed net S_OBUF[15]_inst_i_7_n_0. Optimizations did not improve timing on the net.
INFO: [Physopt 32-662] Processed net bottomL_3_i_2_n_0.  Did not re-place instance bottomL_3_i_2
INFO: [Physopt 32-702] Processed net bottomL_3_i_2_n_0. Optimizations did not improve timing on the net.
INFO: [Physopt 32-662] Processed net bottomL_2_i_7_n_0.  Did not re-place instance bottomL_2_i_7
INFO: [Physopt 32-702] Processed net bottomL_2_i_7_n_0. Optimizations did not improve timing on the net.
INFO: [Physopt 32-662] Processed net S_OBUF[5]_inst_i_13_n_0.  Did not re-place instance S_OBUF[5]_inst_i_13
INFO: [Physopt 32-702] Processed net S_OBUF[5]_inst_i_13_n_0. Optimizations did not improve timing on the net.
INFO: [Physopt 32-662] Processed net S_OBUF[3]_inst_i_4_n_0.  Did not re-place instance S_OBUF[3]_inst_i_4
INFO: [Physopt 32-702] Processed net S_OBUF[3]_inst_i_4_n_0. Optimizations did not improve timing on the net.
INFO: [Physopt 32-662] Processed net S_OBUF[15]_inst_i_5_n_0.  Did not re-place instance S_OBUF[15]_inst_i_5_comp
INFO: [Physopt 32-702] Processed net S_OBUF[15]_inst_i_5_n_0. Optimizations did not improve timing on the net.
INFO: [Physopt 32-702] Processed net clk_IBUF. Optimizations did not improve timing on the net.
INFO: [Physopt 32-702] Processed net clk. Optimizations did not improve timing on the net.
INFO: [Physopt 32-662] Processed net contador_reg[1]_P_n_0.  Did not re-place instance contador_reg[1]_P
INFO: [Physopt 32-702] Processed net contador_reg[1]_P_n_0. Optimizations did not improve timing on the net.
INFO: [Physopt 32-702] Processed net reset_IBUF. Optimizations did not improve timing on the net.
INFO: [Physopt 32-702] Processed net reset. Optimizations did not improve timing on the net.
INFO: [Physopt 32-619] Estimated Timing Summary | WNS=-17.807 | TNS=-413.048 |
Phase 4 Critical Path Optimization | Checksum: cb0879bd

Time (s): cpu = 00:00:26 ; elapsed = 00:00:15 . Memory (MB): peak = 2753.664 ; gain = 0.000 ; free physical = 602 ; free virtual = 5075
Netlist sorting complete. Time (s): cpu = 00:00:00.01 ; elapsed = 00:00:00 . Memory (MB): peak = 2753.664 ; gain = 0.000 ; free physical = 602 ; free virtual = 5076
INFO: [Physopt 32-603] Post Physical Optimization Timing Summary | WNS=-17.807 | TNS=-413.048 |

Summary of Physical Synthesis Optimizations
============================================


-------------------------------------------------------------------------------------------------------------------------------------------------------------
|  Optimization   |  WNS Gain (ns)  |  TNS Gain (ns)  |  Added Cells  |  Removed Cells  |  Optimized Cells/Nets  |  Dont Touch  |  Iterations  |  Elapsed   |
-------------------------------------------------------------------------------------------------------------------------------------------------------------
|  DSP Register   |          0.000  |          0.000  |            0  |              0  |                     0  |           0  |           1  |  00:00:00  |
|  Critical Path  |          0.412  |         -0.010  |            2  |              0  |                    30  |           0  |           2  |  00:00:15  |
|  Total          |          0.412  |         -0.010  |            2  |              0  |                    30  |           0  |           3  |  00:00:15  |
-------------------------------------------------------------------------------------------------------------------------------------------------------------


Netlist sorting complete. Time (s): cpu = 00:00:00 ; elapsed = 00:00:00 . Memory (MB): peak = 2753.664 ; gain = 0.000 ; free physical = 602 ; free virtual = 5076
Ending Physical Synthesis Task | Checksum: 179eb3bdf

Time (s): cpu = 00:00:26 ; elapsed = 00:00:15 . Memory (MB): peak = 2753.664 ; gain = 0.000 ; free physical = 602 ; free virtual = 5076
INFO: [Common 17-83] Releasing license: Implementation
349 Infos, 0 Warnings, 0 Critical Warnings and 0 Errors encountered.
phys_opt_design completed successfully
phys_opt_design: Time (s): cpu = 00:00:26 ; elapsed = 00:00:16 . Memory (MB): peak = 2753.664 ; gain = 0.000 ; free physical = 605 ; free virtual = 5078
INFO: [Timing 38-480] Writing timing data to binary archive.
Writing placer database...
Writing XDEF routing.
Writing XDEF routing logical nets.
Writing XDEF routing special nets.
Write XDEF Complete: Time (s): cpu = 00:00:00.15 ; elapsed = 00:00:00.05 . Memory (MB): peak = 2753.664 ; gain = 0.000 ; free physical = 601 ; free virtual = 5076
INFO: [Common 17-1381] The checkpoint '/home/matiaspc/Escritorio/universidad/tfg/trabajo/trabajo_final/trabajo_final.runs/impl_1/mult_config_2_physopt.dcp' has been generated.
Command: route_design
Attempting to get a license for feature 'Implementation' and/or device 'xc7a100t'
INFO: [Common 17-349] Got license for feature 'Implementation' and/or device 'xc7a100t'
INFO: [DRC 23-27] Running DRC with 4 threads
INFO: [Vivado_Tcl 4-198] DRC finished with 0 Errors
INFO: [Vivado_Tcl 4-199] Please refer to the DRC report (report_drc) for more information.
Running DRC as a precondition to command route_design
INFO: [DRC 23-27] Running DRC with 4 threads
INFO: [Vivado_Tcl 4-198] DRC finished with 0 Errors
INFO: [Vivado_Tcl 4-199] Please refer to the DRC report (report_drc) for more information.


Starting Routing Task
INFO: [Route 35-254] Multithreading enabled for route_design using a maximum of 4 CPUs
Checksum: PlaceDB: e9bcc6f2 ConstDB: 0 ShapeSum: 533885f1 RouteDB: 0

Phase 1 Build RT Design
Phase 1 Build RT Design | Checksum: 1e2a9bcfb

Time (s): cpu = 00:00:26 ; elapsed = 00:00:21 . Memory (MB): peak = 2848.223 ; gain = 87.688 ; free physical = 463 ; free virtual = 4937
Post Restoration Checksum: NetGraph: f1fe0cc0 NumContArr: f0abb03b Constraints: 0 Timing: 0

Phase 2 Router Initialization

Phase 2.1 Create Timer
Phase 2.1 Create Timer | Checksum: 1e2a9bcfb

Time (s): cpu = 00:00:26 ; elapsed = 00:00:21 . Memory (MB): peak = 2848.223 ; gain = 87.688 ; free physical = 465 ; free virtual = 4939

Phase 2.2 Fix Topology Constraints
Phase 2.2 Fix Topology Constraints | Checksum: 1e2a9bcfb

Time (s): cpu = 00:00:26 ; elapsed = 00:00:21 . Memory (MB): peak = 2856.219 ; gain = 95.684 ; free physical = 448 ; free virtual = 4922

Phase 2.3 Pre Route Cleanup
Phase 2.3 Pre Route Cleanup | Checksum: 1e2a9bcfb

Time (s): cpu = 00:00:26 ; elapsed = 00:00:21 . Memory (MB): peak = 2856.219 ; gain = 95.684 ; free physical = 448 ; free virtual = 4922
 Number of Nodes with overlaps = 0

Phase 2.4 Update Timing
Phase 2.4 Update Timing | Checksum: 128a33a82

Time (s): cpu = 00:00:27 ; elapsed = 00:00:21 . Memory (MB): peak = 2868.516 ; gain = 107.980 ; free physical = 437 ; free virtual = 4911
INFO: [Route 35-416] Intermediate Timing Summary | WNS=-17.609| TNS=-406.288| WHS=-0.066 | THS=-0.121 |

Phase 2 Router Initialization | Checksum: 1360a34a6

Time (s): cpu = 00:00:27 ; elapsed = 00:00:21 . Memory (MB): peak = 2868.516 ; gain = 107.980 ; free physical = 438 ; free virtual = 4912

Router Utilization Summary
  Global Vertical Routing Utilization    = 0 %
  Global Horizontal Routing Utilization  = 0 %
  Routable Net Status*
  *Does not include unroutable nets such as driverless and loadless.
  Run report_route_status for detailed report.
  Number of Failed Nets               = 220
    (Failed Nets is the sum of unrouted and partially routed nets)
  Number of Unrouted Nets             = 220
  Number of Partially Routed Nets     = 0
  Number of Node Overlaps             = 0


Phase 3 Initial Routing

Phase 3.1 Global Routing
Phase 3.1 Global Routing | Checksum: 1360a34a6

Time (s): cpu = 00:00:27 ; elapsed = 00:00:21 . Memory (MB): peak = 2872.125 ; gain = 111.590 ; free physical = 437 ; free virtual = 4911
Phase 3 Initial Routing | Checksum: 22fff28ff

Time (s): cpu = 00:00:28 ; elapsed = 00:00:21 . Memory (MB): peak = 2872.125 ; gain = 111.590 ; free physical = 438 ; free virtual = 4912
INFO: [Route 35-580] Design has 3 pins with tight setup and hold constraints.

The top 5 pins with tight setup and hold constraints:

+--------------------------+--------------------------+----------------------------------------------------------------------------------------------------------+
|       Launch Clock       |      Capture Clock       |                                                 Pin                                                      |
+--------------------------+--------------------------+----------------------------------------------------------------------------------------------------------+
|                      clk |                      clk |                                                                                           S5_reg_reg[0]/D|
|                      clk |                      clk |                                                                                           S1_reg_reg[0]/D|
|                      clk |                      clk |                                                                             contador_reg[1]_P_replica_1/D|
+--------------------------+--------------------------+----------------------------------------------------------------------------------------------------------+

File with complete list of pins: tight_setup_hold_pins.txt


Phase 4 Rip-up And Reroute

Phase 4.1 Global Iteration 0
 Number of Nodes with overlaps = 207
 Number of Nodes with overlaps = 116
 Number of Nodes with overlaps = 93
 Number of Nodes with overlaps = 37
 Number of Nodes with overlaps = 18
 Number of Nodes with overlaps = 16
 Number of Nodes with overlaps = 9
 Number of Nodes with overlaps = 8
 Number of Nodes with overlaps = 11
 Number of Nodes with overlaps = 7
 Number of Nodes with overlaps = 9
 Number of Nodes with overlaps = 5
 Number of Nodes with overlaps = 3
 Number of Nodes with overlaps = 3
 Number of Nodes with overlaps = 2
 Number of Nodes with overlaps = 0
INFO: [Route 35-416] Intermediate Timing Summary | WNS=-18.774| TNS=-454.154| WHS=N/A    | THS=N/A    |

Phase 4.1 Global Iteration 0 | Checksum: 16e061f7c

Time (s): cpu = 00:00:33 ; elapsed = 00:00:25 . Memory (MB): peak = 2872.125 ; gain = 111.590 ; free physical = 436 ; free virtual = 4910

Phase 4.2 Global Iteration 1
 Number of Nodes with overlaps = 58
 Number of Nodes with overlaps = 13
 Number of Nodes with overlaps = 4
 Number of Nodes with overlaps = 0
INFO: [Route 35-416] Intermediate Timing Summary | WNS=-21.697| TNS=-506.077| WHS=N/A    | THS=N/A    |

Phase 4.2 Global Iteration 1 | Checksum: 1033b67d8

Time (s): cpu = 00:00:40 ; elapsed = 00:00:32 . Memory (MB): peak = 2872.125 ; gain = 111.590 ; free physical = 434 ; free virtual = 4908
Phase 4 Rip-up And Reroute | Checksum: 1033b67d8

Time (s): cpu = 00:00:40 ; elapsed = 00:00:32 . Memory (MB): peak = 2872.125 ; gain = 111.590 ; free physical = 434 ; free virtual = 4908

Phase 5 Delay and Skew Optimization

Phase 5.1 Delay CleanUp

Phase 5.1.1 Update Timing
Phase 5.1.1 Update Timing | Checksum: 7959aa04

Time (s): cpu = 00:00:40 ; elapsed = 00:00:32 . Memory (MB): peak = 2872.125 ; gain = 111.590 ; free physical = 434 ; free virtual = 4908
INFO: [Route 35-416] Intermediate Timing Summary | WNS=-18.774| TNS=-451.719| WHS=N/A    | THS=N/A    |

 Number of Nodes with overlaps = 0
Phase 5.1 Delay CleanUp | Checksum: 110a7e362

Time (s): cpu = 00:00:41 ; elapsed = 00:00:33 . Memory (MB): peak = 2875.125 ; gain = 114.590 ; free physical = 433 ; free virtual = 4907

Phase 5.2 Clock Skew Optimization
Phase 5.2 Clock Skew Optimization | Checksum: 110a7e362

Time (s): cpu = 00:00:41 ; elapsed = 00:00:33 . Memory (MB): peak = 2875.125 ; gain = 114.590 ; free physical = 433 ; free virtual = 4907
Phase 5 Delay and Skew Optimization | Checksum: 110a7e362

Time (s): cpu = 00:00:41 ; elapsed = 00:00:33 . Memory (MB): peak = 2875.125 ; gain = 114.590 ; free physical = 433 ; free virtual = 4907

Phase 6 Post Hold Fix

Phase 6.1 Hold Fix Iter

Phase 6.1.1 Update Timing
Phase 6.1.1 Update Timing | Checksum: 108d1cd8c

Time (s): cpu = 00:00:41 ; elapsed = 00:00:33 . Memory (MB): peak = 2875.125 ; gain = 114.590 ; free physical = 433 ; free virtual = 4907
INFO: [Route 35-416] Intermediate Timing Summary | WNS=-18.643| TNS=-497.185| WHS=-1.422 | THS=-25.505|


Phase 6.1.2 Lut RouteThru Assignment for hold
Phase 6.1.2 Lut RouteThru Assignment for hold | Checksum: 23b9094d2

Time (s): cpu = 00:05:47 ; elapsed = 00:03:41 . Memory (MB): peak = 3406.125 ; gain = 645.590 ; free physical = 527 ; free virtual = 4835
Phase 6.1 Hold Fix Iter | Checksum: 23b9094d2

Time (s): cpu = 00:05:47 ; elapsed = 00:03:41 . Memory (MB): peak = 3406.125 ; gain = 645.590 ; free physical = 527 ; free virtual = 4835

Phase 6.2 Additional Hold Fix
INFO: [Route 35-416] Intermediate Timing Summary | WNS=-18.643| TNS=-516.970| WHS=-1.272 | THS=-7.449 |

Phase 6.2 Additional Hold Fix | Checksum: 1751fdbb7

Time (s): cpu = 00:11:46 ; elapsed = 00:07:23 . Memory (MB): peak = 3414.125 ; gain = 653.590 ; free physical = 511 ; free virtual = 4827
WARNING: [Route 35-468] The router encountered 78 pins that are both setup-critical and hold-critical and tried to fix hold violations at the expense of setup slack. Such pins are:
	bottomL_2_i_7/I4
	bottomL_3_i_2/I3
	left_1[0]_i_1/I2
	S_OBUF[6]_inst_i_2/I4
	left_1[1]_i_2/I2
	left_1[2]_i_2/I4
	S_OBUF[5]_inst_i_3/I3
	S_OBUF[5]_inst_i_10/I4
	S_OBUF[5]_inst_i_11/I0
	S_OBUF[5]_inst_i_12/I5
	.. and 68 more pins.

Phase 6 Post Hold Fix | Checksum: 1a8e00d89

Time (s): cpu = 00:11:46 ; elapsed = 00:07:23 . Memory (MB): peak = 3414.125 ; gain = 653.590 ; free physical = 511 ; free virtual = 4827

Phase 7 Route finalize

Router Utilization Summary
  Global Vertical Routing Utilization    = 0.15485 %
  Global Horizontal Routing Utilization  = 0.105286 %
  Routable Net Status*
  *Does not include unroutable nets such as driverless and loadless.
  Run report_route_status for detailed report.
  Number of Failed Nets               = 0
    (Failed Nets is the sum of unrouted and partially routed nets)
  Number of Unrouted Nets             = 0
  Number of Partially Routed Nets     = 0
  Number of Node Overlaps             = 0

Congestion Report
North Dir 1x1 Area, Max Cong = 39.6396%, No Congested Regions.
South Dir 1x1 Area, Max Cong = 43.2432%, No Congested Regions.
East Dir 1x1 Area, Max Cong = 50%, No Congested Regions.
West Dir 1x1 Area, Max Cong = 48.5294%, No Congested Regions.

------------------------------
Reporting congestion hotspots
------------------------------
Direction: North
----------------
Congested clusters found at Level 0
Effective congestion level: 0 Aspect Ratio: 1 Sparse Ratio: 0
Direction: South
----------------
Congested clusters found at Level 0
Effective congestion level: 0 Aspect Ratio: 1 Sparse Ratio: 0
Direction: East
----------------
Congested clusters found at Level 0
Effective congestion level: 0 Aspect Ratio: 1 Sparse Ratio: 0
Direction: West
----------------
Congested clusters found at Level 0
Effective congestion level: 0 Aspect Ratio: 1 Sparse Ratio: 0

Phase 7 Route finalize | Checksum: 22a16eb37

Time (s): cpu = 00:11:47 ; elapsed = 00:07:23 . Memory (MB): peak = 3414.125 ; gain = 653.590 ; free physical = 520 ; free virtual = 4835

Phase 8 Verifying routed nets

 Verification completed successfully
Phase 8 Verifying routed nets | Checksum: 22a16eb37

Time (s): cpu = 00:11:47 ; elapsed = 00:07:23 . Memory (MB): peak = 3414.125 ; gain = 653.590 ; free physical = 518 ; free virtual = 4833

Phase 9 Depositing Routes
Phase 9 Depositing Routes | Checksum: 23b83cc4d

Time (s): cpu = 00:11:47 ; elapsed = 00:07:23 . Memory (MB): peak = 3414.125 ; gain = 653.590 ; free physical = 518 ; free virtual = 4833

Phase 10 Post Router Timing

Phase 10.1 Update Timing
Phase 10.1 Update Timing | Checksum: 199b8c878

Time (s): cpu = 00:11:47 ; elapsed = 00:07:23 . Memory (MB): peak = 3414.125 ; gain = 653.590 ; free physical = 522 ; free virtual = 4837
INFO: [Route 35-57] Estimated Timing Summary | WNS=-19.219| TNS=-536.742| WHS=-1.272 | THS=-1.374 |

WARNING: [Route 35-328] Router estimated timing not met.
Resolution: For a complete and accurate timing signoff, report_timing_summary must be run after route_design. Alternatively, route_design can be run with the -timing_summary option to enable a complete timing signoff at the end of route_design.
Phase 10 Post Router Timing | Checksum: 199b8c878

Time (s): cpu = 00:11:47 ; elapsed = 00:07:23 . Memory (MB): peak = 3414.125 ; gain = 653.590 ; free physical = 522 ; free virtual = 4837
INFO: [Route 35-16] Router Completed Successfully

Time (s): cpu = 00:11:47 ; elapsed = 00:07:23 . Memory (MB): peak = 3414.125 ; gain = 653.590 ; free physical = 603 ; free virtual = 4919

Routing Is Done.
INFO: [Common 17-83] Releasing license: Implementation
369 Infos, 2 Warnings, 0 Critical Warnings and 0 Errors encountered.
route_design completed successfully
route_design: Time (s): cpu = 00:11:49 ; elapsed = 00:07:25 . Memory (MB): peak = 3414.125 ; gain = 660.461 ; free physical = 603 ; free virtual = 4919
INFO: [Common 17-600] The following parameters have non-default value.
general.maxThreads
INFO: [Timing 38-480] Writing timing data to binary archive.
Writing placer database...
Writing XDEF routing.
Writing XDEF routing logical nets.
Writing XDEF routing special nets.
Write XDEF Complete: Time (s): cpu = 00:00:00.13 ; elapsed = 00:00:00.04 . Memory (MB): peak = 3422.129 ; gain = 0.000 ; free physical = 607 ; free virtual = 4924
INFO: [Common 17-1381] The checkpoint '/home/matiaspc/Escritorio/universidad/tfg/trabajo/trabajo_final/trabajo_final.runs/impl_1/mult_config_2_routed.dcp' has been generated.
INFO: [runtcl-4] Executing : report_drc -file mult_config_2_drc_routed.rpt -pb mult_config_2_drc_routed.pb -rpx mult_config_2_drc_routed.rpx
Command: report_drc -file mult_config_2_drc_routed.rpt -pb mult_config_2_drc_routed.pb -rpx mult_config_2_drc_routed.rpx
INFO: [IP_Flow 19-1839] IP Catalog is up to date.
INFO: [DRC 23-27] Running DRC with 4 threads
INFO: [Coretcl 2-168] The results of DRC are in file /home/matiaspc/Escritorio/universidad/tfg/trabajo/trabajo_final/trabajo_final.runs/impl_1/mult_config_2_drc_routed.rpt.
report_drc completed successfully
INFO: [runtcl-4] Executing : report_methodology -file mult_config_2_methodology_drc_routed.rpt -pb mult_config_2_methodology_drc_routed.pb -rpx mult_config_2_methodology_drc_routed.rpx
Command: report_methodology -file mult_config_2_methodology_drc_routed.rpt -pb mult_config_2_methodology_drc_routed.pb -rpx mult_config_2_methodology_drc_routed.rpx
INFO: [Timing 38-35] Done setting XDC timing constraints.
INFO: [DRC 23-133] Running Methodology with 4 threads
INFO: [Coretcl 2-1520] The results of Report Methodology are in file /home/matiaspc/Escritorio/universidad/tfg/trabajo/trabajo_final/trabajo_final.runs/impl_1/mult_config_2_methodology_drc_routed.rpt.
report_methodology completed successfully
INFO: [runtcl-4] Executing : report_power -file mult_config_2_power_routed.rpt -pb mult_config_2_power_summary_routed.pb -rpx mult_config_2_power_routed.rpx
Command: report_power -file mult_config_2_power_routed.rpt -pb mult_config_2_power_summary_routed.pb -rpx mult_config_2_power_routed.rpx
INFO: [Timing 38-35] Done setting XDC timing constraints.
Running Vector-less Activity Propagation...

Finished Running Vector-less Activity Propagation
382 Infos, 2 Warnings, 0 Critical Warnings and 0 Errors encountered.
report_power completed successfully
INFO: [runtcl-4] Executing : report_route_status -file mult_config_2_route_status.rpt -pb mult_config_2_route_status.pb
INFO: [runtcl-4] Executing : report_timing_summary -max_paths 10 -file mult_config_2_timing_summary_routed.rpt -pb mult_config_2_timing_summary_routed.pb -rpx mult_config_2_timing_summary_routed.rpx -warn_on_violation 
INFO: [Timing 38-91] UpdateTimingParams: Speed grade: -1, Delay Type: min_max.
INFO: [Timing 38-191] Multithreading enabled for timing update using a maximum of 4 CPUs
CRITICAL WARNING: [Timing 38-282] The design failed to meet the timing requirements. Please see the timing summary report for details on the timing violations.
INFO: [runtcl-4] Executing : report_incremental_reuse -file mult_config_2_incremental_reuse_routed.rpt
INFO: [Vivado_Tcl 4-1062] Incremental flow is disabled. No incremental reuse Info to report.
INFO: [runtcl-4] Executing : report_clock_utilization -file mult_config_2_clock_utilization_routed.rpt
INFO: [runtcl-4] Executing : report_bus_skew -warn_on_violation -file mult_config_2_bus_skew_routed.rpt -pb mult_config_2_bus_skew_routed.pb -rpx mult_config_2_bus_skew_routed.rpx
INFO: [Timing 38-91] UpdateTimingParams: Speed grade: -1, Delay Type: min_max.
INFO: [Timing 38-191] Multithreading enabled for timing update using a maximum of 4 CPUs
INFO: [Common 17-206] Exiting Vivado at Fri Feb 26 14:45:19 2021...
