
*** Running vivado
    with args -log funcion_activacion.vdi -applog -m64 -product Vivado -messageDb vivado.pb -mode batch -source funcion_activacion.tcl -notrace


****** Vivado v2020.2 (64-bit)
  **** SW Build 3064766 on Wed Nov 18 09:12:47 MST 2020
  **** IP Build 3064653 on Wed Nov 18 14:17:31 MST 2020
    ** Copyright 1986-2020 Xilinx, Inc. All Rights Reserved.

source funcion_activacion.tcl -notrace
Command: link_design -top funcion_activacion -part xc7a200tfbg676-2
Design is defaulting to srcset: sources_1
Design is defaulting to constrset: constrs_1
INFO: [Device 21-403] Loading part xc7a200tfbg676-2
Netlist sorting complete. Time (s): cpu = 00:00:00 ; elapsed = 00:00:00 . Memory (MB): peak = 2286.148 ; gain = 0.000 ; free physical = 1167 ; free virtual = 6658
INFO: [Netlist 29-17] Analyzing 1 Unisim elements for replacement
INFO: [Netlist 29-28] Unisim Transformation completed in 0 CPU seconds
INFO: [Project 1-479] Netlist was created with Vivado 2020.2
INFO: [Project 1-570] Preparing netlist for logic optimization
Parsing XDC File [/home/matiaspc/Escritorio/universidad/tfg/trabajo final v1.0/Nexys4DDR_Master.xdc]
Finished Parsing XDC File [/home/matiaspc/Escritorio/universidad/tfg/trabajo final v1.0/Nexys4DDR_Master.xdc]
INFO: [Opt 31-138] Pushed 0 inverter(s) to 0 load pin(s).
Netlist sorting complete. Time (s): cpu = 00:00:00 ; elapsed = 00:00:00 . Memory (MB): peak = 2310.031 ; gain = 0.000 ; free physical = 1078 ; free virtual = 6569
INFO: [Project 1-111] Unisim Transformation Summary:
No Unisim elements were transformed.

7 Infos, 0 Warnings, 0 Critical Warnings and 0 Errors encountered.
link_design completed successfully
link_design: Time (s): cpu = 00:00:07 ; elapsed = 00:00:08 . Memory (MB): peak = 2310.031 ; gain = 24.012 ; free physical = 1078 ; free virtual = 6569
Command: opt_design
Attempting to get a license for feature 'Implementation' and/or device 'xc7a200t'
INFO: [Common 17-349] Got license for feature 'Implementation' and/or device 'xc7a200t'
Running DRC as a precondition to command opt_design

Starting DRC Task
INFO: [DRC 23-27] Running DRC with 4 threads
INFO: [Project 1-461] DRC finished with 0 Errors
INFO: [Project 1-462] Please refer to the DRC report (report_drc) for more information.

Time (s): cpu = 00:00:02 ; elapsed = 00:00:02 . Memory (MB): peak = 2342.047 ; gain = 32.016 ; free physical = 1050 ; free virtual = 6543

Starting Cache Timing Information Task
INFO: [Timing 38-35] Done setting XDC timing constraints.
Ending Cache Timing Information Task | Checksum: 15903f970

Time (s): cpu = 00:00:09 ; elapsed = 00:00:10 . Memory (MB): peak = 2453.055 ; gain = 111.008 ; free physical = 642 ; free virtual = 6152

Starting Logic Optimization Task

Phase 1 Retarget
INFO: [Opt 31-138] Pushed 0 inverter(s) to 0 load pin(s).
INFO: [Opt 31-49] Retargeted 0 cell(s).
Phase 1 Retarget | Checksum: 15903f970

Time (s): cpu = 00:00:00.02 ; elapsed = 00:00:00.03 . Memory (MB): peak = 2624.992 ; gain = 0.000 ; free physical = 466 ; free virtual = 5979
INFO: [Opt 31-389] Phase Retarget created 0 cells and removed 0 cells

Phase 2 Constant propagation
INFO: [Opt 31-138] Pushed 0 inverter(s) to 0 load pin(s).
Phase 2 Constant propagation | Checksum: 15903f970

Time (s): cpu = 00:00:00.02 ; elapsed = 00:00:00.03 . Memory (MB): peak = 2624.992 ; gain = 0.000 ; free physical = 466 ; free virtual = 5979
INFO: [Opt 31-389] Phase Constant propagation created 0 cells and removed 0 cells

Phase 3 Sweep
Phase 3 Sweep | Checksum: 167350e25

Time (s): cpu = 00:00:00.03 ; elapsed = 00:00:00.04 . Memory (MB): peak = 2624.992 ; gain = 0.000 ; free physical = 466 ; free virtual = 5979
INFO: [Opt 31-389] Phase Sweep created 0 cells and removed 0 cells

Phase 4 BUFG optimization
Phase 4 BUFG optimization | Checksum: 167350e25

Time (s): cpu = 00:00:00.03 ; elapsed = 00:00:00.04 . Memory (MB): peak = 2624.992 ; gain = 0.000 ; free physical = 466 ; free virtual = 5979
INFO: [Opt 31-662] Phase BUFG optimization created 0 cells of which 0 are BUFGs and removed 0 cells.

Phase 5 Shift Register Optimization
INFO: [Opt 31-1064] SRL Remap converted 0 SRLs to 0 registers and converted 0 registers of register chains to 0 SRLs
Phase 5 Shift Register Optimization | Checksum: 167350e25

Time (s): cpu = 00:00:00.03 ; elapsed = 00:00:00.04 . Memory (MB): peak = 2624.992 ; gain = 0.000 ; free physical = 466 ; free virtual = 5979
INFO: [Opt 31-389] Phase Shift Register Optimization created 0 cells and removed 0 cells

Phase 6 Post Processing Netlist
Phase 6 Post Processing Netlist | Checksum: 167350e25

Time (s): cpu = 00:00:00.03 ; elapsed = 00:00:00.04 . Memory (MB): peak = 2624.992 ; gain = 0.000 ; free physical = 466 ; free virtual = 5979
INFO: [Opt 31-389] Phase Post Processing Netlist created 0 cells and removed 0 cells
Opt_design Change Summary
=========================


-------------------------------------------------------------------------------------------------------------------------
|  Phase                        |  #Cells created  |  #Cells Removed  |  #Constrained objects preventing optimizations  |
-------------------------------------------------------------------------------------------------------------------------
|  Retarget                     |               0  |               0  |                                              0  |
|  Constant propagation         |               0  |               0  |                                              0  |
|  Sweep                        |               0  |               0  |                                              0  |
|  BUFG optimization            |               0  |               0  |                                              0  |
|  Shift Register Optimization  |               0  |               0  |                                              0  |
|  Post Processing Netlist      |               0  |               0  |                                              0  |
-------------------------------------------------------------------------------------------------------------------------



Starting Connectivity Check Task

Time (s): cpu = 00:00:00 ; elapsed = 00:00:00 . Memory (MB): peak = 2624.992 ; gain = 0.000 ; free physical = 466 ; free virtual = 5979
Ending Logic Optimization Task | Checksum: 1683709e7

Time (s): cpu = 00:00:00.04 ; elapsed = 00:00:00.04 . Memory (MB): peak = 2624.992 ; gain = 0.000 ; free physical = 466 ; free virtual = 5979

Starting Power Optimization Task
INFO: [Pwropt 34-132] Skipping clock gating for clocks with a period < 2.00 ns.
Ending Power Optimization Task | Checksum: 1683709e7

Time (s): cpu = 00:00:00.01 ; elapsed = 00:00:00.01 . Memory (MB): peak = 2628.961 ; gain = 3.969 ; free physical = 465 ; free virtual = 5978

Starting Final Cleanup Task
Ending Final Cleanup Task | Checksum: 1683709e7

Time (s): cpu = 00:00:00 ; elapsed = 00:00:00 . Memory (MB): peak = 2628.961 ; gain = 0.000 ; free physical = 465 ; free virtual = 5978

Starting Netlist Obfuscation Task
Netlist sorting complete. Time (s): cpu = 00:00:00 ; elapsed = 00:00:00 . Memory (MB): peak = 2628.961 ; gain = 0.000 ; free physical = 465 ; free virtual = 5978
Ending Netlist Obfuscation Task | Checksum: 1683709e7

Time (s): cpu = 00:00:00 ; elapsed = 00:00:00 . Memory (MB): peak = 2628.961 ; gain = 0.000 ; free physical = 465 ; free virtual = 5978
INFO: [Common 17-83] Releasing license: Implementation
24 Infos, 0 Warnings, 0 Critical Warnings and 0 Errors encountered.
opt_design completed successfully
opt_design: Time (s): cpu = 00:00:14 ; elapsed = 00:00:14 . Memory (MB): peak = 2628.961 ; gain = 318.930 ; free physical = 465 ; free virtual = 5978
INFO: [Timing 38-480] Writing timing data to binary archive.
INFO: [Common 17-1381] The checkpoint '/home/matiaspc/Escritorio/universidad/tfg/trabajo final v1.0/trabajo final v1.0.runs/impl_1/funcion_activacion_opt.dcp' has been generated.
INFO: [runtcl-4] Executing : report_drc -file funcion_activacion_drc_opted.rpt -pb funcion_activacion_drc_opted.pb -rpx funcion_activacion_drc_opted.rpx
Command: report_drc -file funcion_activacion_drc_opted.rpt -pb funcion_activacion_drc_opted.pb -rpx funcion_activacion_drc_opted.rpx
INFO: [IP_Flow 19-234] Refreshing IP repositories
INFO: [IP_Flow 19-1704] No user IP repositories specified
INFO: [IP_Flow 19-2313] Loaded Vivado IP repository '/home/matiaspc/Xilinx/Vivado/2020.2/data/ip'.
INFO: [Timing 38-35] Done setting XDC timing constraints.
INFO: [DRC 23-27] Running DRC with 4 threads
INFO: [Coretcl 2-168] The results of DRC are in file /home/matiaspc/Escritorio/universidad/tfg/trabajo final v1.0/trabajo final v1.0.runs/impl_1/funcion_activacion_drc_opted.rpt.
report_drc completed successfully
Command: place_design
Attempting to get a license for feature 'Implementation' and/or device 'xc7a200t'
INFO: [Common 17-349] Got license for feature 'Implementation' and/or device 'xc7a200t'
INFO: [DRC 23-27] Running DRC with 4 threads
INFO: [Vivado_Tcl 4-198] DRC finished with 0 Errors
INFO: [Vivado_Tcl 4-199] Please refer to the DRC report (report_drc) for more information.
Running DRC as a precondition to command place_design
INFO: [DRC 23-27] Running DRC with 4 threads
INFO: [Vivado_Tcl 4-198] DRC finished with 0 Errors
INFO: [Vivado_Tcl 4-199] Please refer to the DRC report (report_drc) for more information.

Starting Placer Task
INFO: [Place 30-611] Multithreading enabled for place_design using a maximum of 4 CPUs

Phase 1 Placer Initialization

Phase 1.1 Placer Initialization Netlist Sorting
Netlist sorting complete. Time (s): cpu = 00:00:00 ; elapsed = 00:00:00 . Memory (MB): peak = 2730.352 ; gain = 0.000 ; free physical = 404 ; free virtual = 5941
Phase 1.1 Placer Initialization Netlist Sorting | Checksum: a4a5ef46

Time (s): cpu = 00:00:00.02 ; elapsed = 00:00:00.04 . Memory (MB): peak = 2730.352 ; gain = 0.000 ; free physical = 404 ; free virtual = 5941
Netlist sorting complete. Time (s): cpu = 00:00:00 ; elapsed = 00:00:00 . Memory (MB): peak = 2730.352 ; gain = 0.000 ; free physical = 404 ; free virtual = 5941

Phase 1.2 IO Placement/ Clock Placement/ Build Placer Device
Phase 1.2 IO Placement/ Clock Placement/ Build Placer Device | Checksum: 124bf54a3

Time (s): cpu = 00:00:01 ; elapsed = 00:00:00.76 . Memory (MB): peak = 2730.352 ; gain = 0.000 ; free physical = 400 ; free virtual = 5940

Phase 1.3 Build Placer Netlist Model
Phase 1.3 Build Placer Netlist Model | Checksum: 202cddbef

Time (s): cpu = 00:00:01 ; elapsed = 00:00:00.82 . Memory (MB): peak = 2730.352 ; gain = 0.000 ; free physical = 398 ; free virtual = 5939

Phase 1.4 Constrain Clocks/Macros
Phase 1.4 Constrain Clocks/Macros | Checksum: 202cddbef

Time (s): cpu = 00:00:01 ; elapsed = 00:00:00.83 . Memory (MB): peak = 2730.352 ; gain = 0.000 ; free physical = 398 ; free virtual = 5939
Phase 1 Placer Initialization | Checksum: 202cddbef

Time (s): cpu = 00:00:01 ; elapsed = 00:00:00.85 . Memory (MB): peak = 2730.352 ; gain = 0.000 ; free physical = 396 ; free virtual = 5937

Phase 2 Global Placement

Phase 2.1 Floorplanning
Phase 2.1 Floorplanning | Checksum: 202cddbef

Time (s): cpu = 00:00:01 ; elapsed = 00:00:00.86 . Memory (MB): peak = 2730.352 ; gain = 0.000 ; free physical = 393 ; free virtual = 5935

Phase 2.2 Update Timing before SLR Path Opt
Phase 2.2 Update Timing before SLR Path Opt | Checksum: 202cddbef

Time (s): cpu = 00:00:01 ; elapsed = 00:00:00.86 . Memory (MB): peak = 2730.352 ; gain = 0.000 ; free physical = 393 ; free virtual = 5935

Phase 2.3 Global Placement Core
WARNING: [Place 46-29] place_design is not in timing mode. Skip physical synthesis in placer
Phase 2.3 Global Placement Core | Checksum: 1a0dffdf5

Time (s): cpu = 00:00:02 ; elapsed = 00:00:01 . Memory (MB): peak = 2730.352 ; gain = 0.000 ; free physical = 357 ; free virtual = 5901
Phase 2 Global Placement | Checksum: 1a0dffdf5

Time (s): cpu = 00:00:02 ; elapsed = 00:00:01 . Memory (MB): peak = 2730.352 ; gain = 0.000 ; free physical = 358 ; free virtual = 5903

Phase 3 Detail Placement

Phase 3.1 Commit Multi Column Macros
Phase 3.1 Commit Multi Column Macros | Checksum: 1a0dffdf5

Time (s): cpu = 00:00:02 ; elapsed = 00:00:01 . Memory (MB): peak = 2730.352 ; gain = 0.000 ; free physical = 358 ; free virtual = 5903

Phase 3.2 Commit Most Macros & LUTRAMs
Phase 3.2 Commit Most Macros & LUTRAMs | Checksum: 1c3e41775

Time (s): cpu = 00:00:02 ; elapsed = 00:00:01 . Memory (MB): peak = 2730.352 ; gain = 0.000 ; free physical = 357 ; free virtual = 5902

Phase 3.3 Area Swap Optimization
Phase 3.3 Area Swap Optimization | Checksum: 1cd979932

Time (s): cpu = 00:00:02 ; elapsed = 00:00:01 . Memory (MB): peak = 2730.352 ; gain = 0.000 ; free physical = 357 ; free virtual = 5901

Phase 3.4 Pipeline Register Optimization
Phase 3.4 Pipeline Register Optimization | Checksum: 1cd979932

Time (s): cpu = 00:00:02 ; elapsed = 00:00:01 . Memory (MB): peak = 2730.352 ; gain = 0.000 ; free physical = 357 ; free virtual = 5901

Phase 3.5 Small Shape Detail Placement
Phase 3.5 Small Shape Detail Placement | Checksum: edb709c8

Time (s): cpu = 00:00:03 ; elapsed = 00:00:02 . Memory (MB): peak = 2731.355 ; gain = 1.004 ; free physical = 349 ; free virtual = 5894

Phase 3.6 Re-assign LUT pins
Phase 3.6 Re-assign LUT pins | Checksum: edb709c8

Time (s): cpu = 00:00:03 ; elapsed = 00:00:02 . Memory (MB): peak = 2731.355 ; gain = 1.004 ; free physical = 349 ; free virtual = 5894

Phase 3.7 Pipeline Register Optimization
Phase 3.7 Pipeline Register Optimization | Checksum: edb709c8

Time (s): cpu = 00:00:03 ; elapsed = 00:00:02 . Memory (MB): peak = 2731.355 ; gain = 1.004 ; free physical = 349 ; free virtual = 5894
Phase 3 Detail Placement | Checksum: edb709c8

Time (s): cpu = 00:00:03 ; elapsed = 00:00:02 . Memory (MB): peak = 2731.355 ; gain = 1.004 ; free physical = 349 ; free virtual = 5894

Phase 4 Post Placement Optimization and Clean-Up

Phase 4.1 Post Commit Optimization
Phase 4.1 Post Commit Optimization | Checksum: edb709c8

Time (s): cpu = 00:00:03 ; elapsed = 00:00:02 . Memory (MB): peak = 2731.355 ; gain = 1.004 ; free physical = 349 ; free virtual = 5894

Phase 4.2 Post Placement Cleanup
Phase 4.2 Post Placement Cleanup | Checksum: edb709c8

Time (s): cpu = 00:00:03 ; elapsed = 00:00:02 . Memory (MB): peak = 2731.355 ; gain = 1.004 ; free physical = 353 ; free virtual = 5898

Phase 4.3 Placer Reporting

Phase 4.3.1 Print Estimated Congestion
INFO: [Place 30-612] Post-Placement Estimated Congestion 
 ____________________________________________________
|           | Global Congestion | Short Congestion  |
| Direction | Region Size       | Region Size       |
|___________|___________________|___________________|
|      North|                1x1|                1x1|
|___________|___________________|___________________|
|      South|                1x1|                1x1|
|___________|___________________|___________________|
|       East|                1x1|                1x1|
|___________|___________________|___________________|
|       West|                1x1|                1x1|
|___________|___________________|___________________|

Phase 4.3.1 Print Estimated Congestion | Checksum: edb709c8

Time (s): cpu = 00:00:03 ; elapsed = 00:00:02 . Memory (MB): peak = 2731.355 ; gain = 1.004 ; free physical = 353 ; free virtual = 5898
Phase 4.3 Placer Reporting | Checksum: edb709c8

Time (s): cpu = 00:00:03 ; elapsed = 00:00:02 . Memory (MB): peak = 2731.355 ; gain = 1.004 ; free physical = 353 ; free virtual = 5898

Phase 4.4 Final Placement Cleanup
Netlist sorting complete. Time (s): cpu = 00:00:00 ; elapsed = 00:00:00 . Memory (MB): peak = 2731.355 ; gain = 0.000 ; free physical = 353 ; free virtual = 5898

Time (s): cpu = 00:00:03 ; elapsed = 00:00:02 . Memory (MB): peak = 2731.355 ; gain = 1.004 ; free physical = 353 ; free virtual = 5898
Phase 4 Post Placement Optimization and Clean-Up | Checksum: edb709c8

Time (s): cpu = 00:00:03 ; elapsed = 00:00:02 . Memory (MB): peak = 2731.355 ; gain = 1.004 ; free physical = 353 ; free virtual = 5898
Ending Placer Task | Checksum: b27229ff

Time (s): cpu = 00:00:03 ; elapsed = 00:00:02 . Memory (MB): peak = 2731.355 ; gain = 1.004 ; free physical = 353 ; free virtual = 5898
INFO: [Common 17-83] Releasing license: Implementation
43 Infos, 1 Warnings, 0 Critical Warnings and 0 Errors encountered.
place_design completed successfully
INFO: [Timing 38-480] Writing timing data to binary archive.
Writing placer database...
Writing XDEF routing.
Writing XDEF routing logical nets.
Writing XDEF routing special nets.
Write XDEF Complete: Time (s): cpu = 00:00:00.05 ; elapsed = 00:00:00.03 . Memory (MB): peak = 2739.359 ; gain = 0.000 ; free physical = 389 ; free virtual = 5936
INFO: [Common 17-1381] The checkpoint '/home/matiaspc/Escritorio/universidad/tfg/trabajo final v1.0/trabajo final v1.0.runs/impl_1/funcion_activacion_placed.dcp' has been generated.
INFO: [runtcl-4] Executing : report_io -file funcion_activacion_io_placed.rpt
report_io: Time (s): cpu = 00:00:00.22 ; elapsed = 00:00:00.28 . Memory (MB): peak = 2739.359 ; gain = 0.000 ; free physical = 375 ; free virtual = 5921
INFO: [runtcl-4] Executing : report_utilization -file funcion_activacion_utilization_placed.rpt -pb funcion_activacion_utilization_placed.pb
INFO: [runtcl-4] Executing : report_control_sets -verbose -file funcion_activacion_control_sets_placed.rpt
report_control_sets: Time (s): cpu = 00:00:00.06 ; elapsed = 00:00:00.13 . Memory (MB): peak = 2739.359 ; gain = 0.000 ; free physical = 390 ; free virtual = 5936
Command: phys_opt_design
Attempting to get a license for feature 'Implementation' and/or device 'xc7a200t'
INFO: [Common 17-349] Got license for feature 'Implementation' and/or device 'xc7a200t'
INFO: [Vivado_Tcl 4-235] No timing constraint found. The netlist was not modified.
INFO: [Common 17-83] Releasing license: Implementation
51 Infos, 1 Warnings, 0 Critical Warnings and 0 Errors encountered.
phys_opt_design completed successfully
INFO: [Timing 38-480] Writing timing data to binary archive.
Writing placer database...
Writing XDEF routing.
Writing XDEF routing logical nets.
Writing XDEF routing special nets.
Write XDEF Complete: Time (s): cpu = 00:00:00.06 ; elapsed = 00:00:00.03 . Memory (MB): peak = 2739.359 ; gain = 0.000 ; free physical = 381 ; free virtual = 5928
INFO: [Common 17-1381] The checkpoint '/home/matiaspc/Escritorio/universidad/tfg/trabajo final v1.0/trabajo final v1.0.runs/impl_1/funcion_activacion_physopt.dcp' has been generated.
Command: route_design
Attempting to get a license for feature 'Implementation' and/or device 'xc7a200t'
INFO: [Common 17-349] Got license for feature 'Implementation' and/or device 'xc7a200t'
Running DRC as a precondition to command route_design
INFO: [DRC 23-27] Running DRC with 4 threads
INFO: [Vivado_Tcl 4-198] DRC finished with 0 Errors
INFO: [Vivado_Tcl 4-199] Please refer to the DRC report (report_drc) for more information.


Starting Routing Task
INFO: [Route 35-254] Multithreading enabled for route_design using a maximum of 4 CPUs
Checksum: PlaceDB: dcc3ab9 ConstDB: 0 ShapeSum: a4a5ef46 RouteDB: 0

Phase 1 Build RT Design
Phase 1 Build RT Design | Checksum: 129639691

Time (s): cpu = 00:00:58 ; elapsed = 00:00:46 . Memory (MB): peak = 2917.316 ; gain = 173.086 ; free physical = 157 ; free virtual = 5702
Post Restoration Checksum: NetGraph: fd676b03 NumContArr: 2bfc2b8e Constraints: 0 Timing: 0

Phase 2 Router Initialization
INFO: [Route 35-64] No timing constraints were detected. The router will operate in resource-optimization mode.

Phase 2.1 Fix Topology Constraints
Phase 2.1 Fix Topology Constraints | Checksum: 129639691

Time (s): cpu = 00:00:58 ; elapsed = 00:00:46 . Memory (MB): peak = 2928.312 ; gain = 184.082 ; free physical = 136 ; free virtual = 5682

Phase 2.2 Pre Route Cleanup
Phase 2.2 Pre Route Cleanup | Checksum: 129639691

Time (s): cpu = 00:00:58 ; elapsed = 00:00:46 . Memory (MB): peak = 2928.312 ; gain = 184.082 ; free physical = 135 ; free virtual = 5682
 Number of Nodes with overlaps = 0
Phase 2 Router Initialization | Checksum: 1c9ac6279

Time (s): cpu = 00:00:59 ; elapsed = 00:00:46 . Memory (MB): peak = 2957.812 ; gain = 213.582 ; free physical = 143 ; free virtual = 5672

Router Utilization Summary
  Global Vertical Routing Utilization    = 0 %
  Global Horizontal Routing Utilization  = 0 %
  Routable Net Status*
  *Does not include unroutable nets such as driverless and loadless.
  Run report_route_status for detailed report.
  Number of Failed Nets               = 25
    (Failed Nets is the sum of unrouted and partially routed nets)
  Number of Unrouted Nets             = 25
  Number of Partially Routed Nets     = 0
  Number of Node Overlaps             = 0


Phase 3 Initial Routing

Phase 3.1 Global Routing
Phase 3.1 Global Routing | Checksum: 1c9ac6279

Time (s): cpu = 00:01:00 ; elapsed = 00:00:46 . Memory (MB): peak = 2961.812 ; gain = 217.582 ; free physical = 170 ; free virtual = 5674
Phase 3 Initial Routing | Checksum: 8905e009

Time (s): cpu = 00:01:01 ; elapsed = 00:00:47 . Memory (MB): peak = 2961.812 ; gain = 217.582 ; free physical = 169 ; free virtual = 5673

Phase 4 Rip-up And Reroute

Phase 4.1 Global Iteration 0
 Number of Nodes with overlaps = 0
Phase 4.1 Global Iteration 0 | Checksum: 15227d8a7

Time (s): cpu = 00:01:01 ; elapsed = 00:00:47 . Memory (MB): peak = 2961.812 ; gain = 217.582 ; free physical = 168 ; free virtual = 5673
Phase 4 Rip-up And Reroute | Checksum: 15227d8a7

Time (s): cpu = 00:01:01 ; elapsed = 00:00:47 . Memory (MB): peak = 2961.812 ; gain = 217.582 ; free physical = 168 ; free virtual = 5673

Phase 5 Delay and Skew Optimization
Phase 5 Delay and Skew Optimization | Checksum: 15227d8a7

Time (s): cpu = 00:01:01 ; elapsed = 00:00:47 . Memory (MB): peak = 2961.812 ; gain = 217.582 ; free physical = 168 ; free virtual = 5673

Phase 6 Post Hold Fix

Phase 6.1 Hold Fix Iter
Phase 6.1 Hold Fix Iter | Checksum: 15227d8a7

Time (s): cpu = 00:01:01 ; elapsed = 00:00:47 . Memory (MB): peak = 2961.812 ; gain = 217.582 ; free physical = 168 ; free virtual = 5673
Phase 6 Post Hold Fix | Checksum: 15227d8a7

Time (s): cpu = 00:01:01 ; elapsed = 00:00:47 . Memory (MB): peak = 2961.812 ; gain = 217.582 ; free physical = 168 ; free virtual = 5673

Phase 7 Route finalize

Router Utilization Summary
  Global Vertical Routing Utilization    = 0.00157911 %
  Global Horizontal Routing Utilization  = 0.00508923 %
  Routable Net Status*
  *Does not include unroutable nets such as driverless and loadless.
  Run report_route_status for detailed report.
  Number of Failed Nets               = 0
    (Failed Nets is the sum of unrouted and partially routed nets)
  Number of Unrouted Nets             = 0
  Number of Partially Routed Nets     = 0
  Number of Node Overlaps             = 0

Congestion Report
North Dir 1x1 Area, Max Cong = 3.6036%, No Congested Regions.
South Dir 1x1 Area, Max Cong = 10.8108%, No Congested Regions.
East Dir 1x1 Area, Max Cong = 5.88235%, No Congested Regions.
West Dir 1x1 Area, Max Cong = 11.7647%, No Congested Regions.

------------------------------
Reporting congestion hotspots
------------------------------
Direction: North
----------------
Congested clusters found at Level 0
Effective congestion level: 0 Aspect Ratio: 1 Sparse Ratio: 0
Direction: South
----------------
Congested clusters found at Level 0
Effective congestion level: 0 Aspect Ratio: 1 Sparse Ratio: 0
Direction: East
----------------
Congested clusters found at Level 0
Effective congestion level: 0 Aspect Ratio: 1 Sparse Ratio: 0
Direction: West
----------------
Congested clusters found at Level 0
Effective congestion level: 0 Aspect Ratio: 1 Sparse Ratio: 0

Phase 7 Route finalize | Checksum: 15227d8a7

Time (s): cpu = 00:01:01 ; elapsed = 00:00:47 . Memory (MB): peak = 2961.812 ; gain = 217.582 ; free physical = 168 ; free virtual = 5673

Phase 8 Verifying routed nets

 Verification completed successfully
Phase 8 Verifying routed nets | Checksum: 15227d8a7

Time (s): cpu = 00:01:01 ; elapsed = 00:00:47 . Memory (MB): peak = 2961.812 ; gain = 217.582 ; free physical = 166 ; free virtual = 5671

Phase 9 Depositing Routes
Phase 9 Depositing Routes | Checksum: 15cf329bf

Time (s): cpu = 00:01:01 ; elapsed = 00:00:47 . Memory (MB): peak = 2961.812 ; gain = 217.582 ; free physical = 166 ; free virtual = 5671
INFO: [Route 35-16] Router Completed Successfully

Time (s): cpu = 00:01:01 ; elapsed = 00:00:47 . Memory (MB): peak = 2961.812 ; gain = 217.582 ; free physical = 196 ; free virtual = 5701

Routing Is Done.
INFO: [Common 17-83] Releasing license: Implementation
61 Infos, 1 Warnings, 0 Critical Warnings and 0 Errors encountered.
route_design completed successfully
route_design: Time (s): cpu = 00:01:03 ; elapsed = 00:00:48 . Memory (MB): peak = 2961.812 ; gain = 222.453 ; free physical = 198 ; free virtual = 5703
INFO: [Common 17-600] The following parameters have non-default value.
general.maxThreads
INFO: [Timing 38-480] Writing timing data to binary archive.
Writing placer database...
Writing XDEF routing.
Writing XDEF routing logical nets.
Writing XDEF routing special nets.
Write XDEF Complete: Time (s): cpu = 00:00:00.04 ; elapsed = 00:00:00.01 . Memory (MB): peak = 2969.816 ; gain = 0.000 ; free physical = 197 ; free virtual = 5702
INFO: [Common 17-1381] The checkpoint '/home/matiaspc/Escritorio/universidad/tfg/trabajo final v1.0/trabajo final v1.0.runs/impl_1/funcion_activacion_routed.dcp' has been generated.
INFO: [runtcl-4] Executing : report_drc -file funcion_activacion_drc_routed.rpt -pb funcion_activacion_drc_routed.pb -rpx funcion_activacion_drc_routed.rpx
Command: report_drc -file funcion_activacion_drc_routed.rpt -pb funcion_activacion_drc_routed.pb -rpx funcion_activacion_drc_routed.rpx
INFO: [IP_Flow 19-1839] IP Catalog is up to date.
INFO: [DRC 23-27] Running DRC with 4 threads
INFO: [Coretcl 2-168] The results of DRC are in file /home/matiaspc/Escritorio/universidad/tfg/trabajo final v1.0/trabajo final v1.0.runs/impl_1/funcion_activacion_drc_routed.rpt.
report_drc completed successfully
INFO: [runtcl-4] Executing : report_methodology -file funcion_activacion_methodology_drc_routed.rpt -pb funcion_activacion_methodology_drc_routed.pb -rpx funcion_activacion_methodology_drc_routed.rpx
Command: report_methodology -file funcion_activacion_methodology_drc_routed.rpt -pb funcion_activacion_methodology_drc_routed.pb -rpx funcion_activacion_methodology_drc_routed.rpx
INFO: [Timing 38-35] Done setting XDC timing constraints.
INFO: [DRC 23-133] Running Methodology with 4 threads
INFO: [Coretcl 2-1520] The results of Report Methodology are in file /home/matiaspc/Escritorio/universidad/tfg/trabajo final v1.0/trabajo final v1.0.runs/impl_1/funcion_activacion_methodology_drc_routed.rpt.
report_methodology completed successfully
INFO: [runtcl-4] Executing : report_power -file funcion_activacion_power_routed.rpt -pb funcion_activacion_power_summary_routed.pb -rpx funcion_activacion_power_routed.rpx
Command: report_power -file funcion_activacion_power_routed.rpt -pb funcion_activacion_power_summary_routed.pb -rpx funcion_activacion_power_routed.rpx
INFO: [Timing 38-35] Done setting XDC timing constraints.
WARNING: [Power 33-232] No user defined clocks were found in the design! Power estimation will be inaccurate until this is corrected.
Resolution: Please specify clocks using create_clock/create_generated_clock for sequential elements. For pure combinatorial circuits, please specify a virtual clock, otherwise the vectorless estimation might be inaccurate
Running Vector-less Activity Propagation...

Finished Running Vector-less Activity Propagation
74 Infos, 2 Warnings, 0 Critical Warnings and 0 Errors encountered.
report_power completed successfully
INFO: [runtcl-4] Executing : report_route_status -file funcion_activacion_route_status.rpt -pb funcion_activacion_route_status.pb
INFO: [runtcl-4] Executing : report_timing_summary -max_paths 10 -file funcion_activacion_timing_summary_routed.rpt -pb funcion_activacion_timing_summary_routed.pb -rpx funcion_activacion_timing_summary_routed.rpx -warn_on_violation 
INFO: [Timing 38-91] UpdateTimingParams: Speed grade: -2, Delay Type: min_max.
INFO: [Timing 38-191] Multithreading enabled for timing update using a maximum of 4 CPUs
WARNING: [Timing 38-313] There are no user specified timing constraints. Timing constraints are needed for proper timing analysis.
INFO: [runtcl-4] Executing : report_incremental_reuse -file funcion_activacion_incremental_reuse_routed.rpt
INFO: [Vivado_Tcl 4-1062] Incremental flow is disabled. No incremental reuse Info to report.
INFO: [runtcl-4] Executing : report_clock_utilization -file funcion_activacion_clock_utilization_routed.rpt
INFO: [runtcl-4] Executing : report_bus_skew -warn_on_violation -file funcion_activacion_bus_skew_routed.rpt -pb funcion_activacion_bus_skew_routed.pb -rpx funcion_activacion_bus_skew_routed.rpx
INFO: [Timing 38-91] UpdateTimingParams: Speed grade: -2, Delay Type: min_max.
INFO: [Timing 38-191] Multithreading enabled for timing update using a maximum of 4 CPUs
INFO: [Common 17-206] Exiting Vivado at Fri Jan 22 12:29:26 2021...
